Build started 30/11/2024 5:32:35 pm.
Logging verbosity is set to: Normal.     1>Project "D:\MODO\sdk\LXSDK_17_251515\command_vertvalue.vcxproj" on node 2 (Build target(s)).
     1>PrepareForBuild:
         Structured output is enabled. The formatting of compiler diagnostics will reflect the error hierarchy. See https://aka.ms/cpp/structured-output for more details.
         Creating directory "D:\MODO\sdk\LXSDK_17_251515\build\Release\command_vertvalue\command_.53F7B3B7.tlog\".
       InitializeBuildStatus:
         Creating "D:\MODO\sdk\LXSDK_17_251515\build\Release\command_vertvalue\command_.53F7B3B7.tlog\unsuccessfulbuild" because "AlwaysCreate" was specified.
         Touching "D:\MODO\sdk\LXSDK_17_251515\build\Release\command_vertvalue\command_.53F7B3B7.tlog\unsuccessfulbuild".
       ComputeStdModulesCompileInputs:
         Reading library manifest file 'D:\VisualStudio\2022\Community\VC\Tools\MSVC\14.42.34433\modules\modules.json' which provides data for library 'microsoft/STL'.
         Adding module source 'D:\VisualStudio\2022\Community\VC\Tools\MSVC\14.42.34433\modules\std.ixx' from library 'microsoft/STL' to be built with this project.
         Adding module source 'D:\VisualStudio\2022\Community\VC\Tools\MSVC\14.42.34433\modules\std.compat.ixx' from library 'microsoft/STL' to be built with this project.
       SetModuleDependencies:
         Creating directory "D:\MODO\sdk\LXSDK_17_251515\build\Release\command_vertvalue\command_.53F7B3B7_MD.tlog\".
       VcpkgTripletSelection:
         Using triplet "x64-windows" from "D:\GitHub\vcpkg\installed\x64-windows\"
         Using normalized configuration "Release"
       ClCompile:
         D:\VisualStudio\2022\Community\VC\Tools\MSVC\14.42.34433\bin\HostX64\x64\CL.exe /c /ID:\MODO\sdk\LXSDK_17_251515\include\ /I"D:\GitHub\vcpkg\installed\x64-windows\include" /Zi /nologo /W3 /WX- /diagnostics:column /O2 /Oi /GL /D NDEBUG /D _CONSOLE /D _WINDLL /D _UNICODE /D UNICODE /Gm- /EHsc /MD /GS /Gy /fp:precise /Zc:wchar_t /Zc:forScope /Zc:inline /std:c++latest /permissive- /Fo"D:\MODO\sdk\LXSDK_17_251515\build\Release\command_vertvalue\\" /Fd"D:\MODO\sdk\LXSDK_17_251515\build\Release\command_vertvalue\vc143.pdb" /external:W3 /Gd /TP /FC /errorReport:prompt D:\MODO\sdk\LXSDK_17_251515\samples\command\vertvalue\vertvalue.cxx D:\MODO\sdk\LXSDK_17_251515\samples\command\vertvalue\instsrc.cxx
         vertvalue.cxx
     1>D:\MODO\sdk\LXSDK_17_251515\samples\command\vertvalue\vertvalue.cxx(21,10): error C1083: Cannot open include file: 'lxsdk/lx_mesh.hpp': No such file or directory
         instsrc.cxx
     1>D:\MODO\sdk\LXSDK_17_251515\samples\command\vertvalue\instsrc.cxx(11,10): error C1083: Cannot open include file: 'lxsdk/lx_item.hpp': No such file or directory
     1>Done Building Project "D:\MODO\sdk\LXSDK_17_251515\command_vertvalue.vcxproj" (Build target(s)) -- FAILED.

Build FAILED.

       "D:\MODO\sdk\LXSDK_17_251515\command_vertvalue.vcxproj" (Build target) (1) ->
       (ClCompile target) -> 
         D:\MODO\sdk\LXSDK_17_251515\samples\command\vertvalue\vertvalue.cxx(21,10): error C1083: Cannot open include file: 'lxsdk/lx_mesh.hpp': No such file or directory
         D:\MODO\sdk\LXSDK_17_251515\samples\command\vertvalue\instsrc.cxx(11,10): error C1083: Cannot open include file: 'lxsdk/lx_item.hpp': No such file or directory

    0 Warning(s)
    2 Error(s)

Time Elapsed 00:00:00.18
