Build started 30/11/2024 8:01:03 pm.
Logging verbosity is set to: Normal.     1>Project "D:\MODO\sdk\LXSDK_17_251515\file_io_scene_loadoptions.vcxproj" on node 2 (Build target(s)).
     1>PrepareForBuild:
         Structured output is enabled. The formatting of compiler diagnostics will reflect the error hierarchy. See https://aka.ms/cpp/structured-output for more details.
       InitializeBuildStatus:
         Touching "D:\MODO\sdk\LXSDK_17_251515\build\Debug\file_io_scene_loadoptions\file_io_.58A96517.tlog\unsuccessfulbuild".
       ComputeStdModulesCompileInputs:
         Reading library manifest file 'D:\VisualStudio\2022\Community\VC\Tools\MSVC\14.42.34433\modules\modules.json' which provides data for library 'microsoft/STL'.
         Adding module source 'D:\VisualStudio\2022\Community\VC\Tools\MSVC\14.42.34433\modules\std.ixx' from library 'microsoft/STL' to be built with this project.
         Adding module source 'D:\VisualStudio\2022\Community\VC\Tools\MSVC\14.42.34433\modules\std.compat.ixx' from library 'microsoft/STL' to be built with this project.
       VcpkgTripletSelection:
         Using triplet "x64-windows" from "D:\GitHub\vcpkg\installed\x64-windows\"
         Using normalized configuration "Debug"
       ClCompile:
         D:\VisualStudio\2022\Community\VC\Tools\MSVC\14.42.34433\bin\HostX64\x64\CL.exe /c /ID:\MODO\sdk\LXSDK_17_251515\include\ /I"D:\GitHub\vcpkg\installed\x64-windows\include" /ZI /JMC /nologo /W3 /WX- /diagnostics:column /Od /Oi /D _DEBUG /D _CONSOLE /D _WINDLL /D _UNICODE /D UNICODE /Gm- /EHsc /RTC1 /MDd /GS /fp:precise /Zc:wchar_t /Zc:forScope /Zc:inline /std:c++latest /permissive- /Fo"D:\MODO\sdk\LXSDK_17_251515\build\Debug\file_io_scene_loadoptions\\" /Fd"D:\MODO\sdk\LXSDK_17_251515\build\Debug\file_io_scene_loadoptions\vc143.pdb" /external:W3 /Gd /TP /FC /errorReport:prompt D:\MODO\sdk\LXSDK_17_251515\samples\file_io\scene_loadoptions\cc_loader_options.cpp
         cc_loader_options.cpp
     1>D:\MODO\sdk\LXSDK_17_251515\include\lx_message.hpp(99,3): warning C4996: 'sprintf': This function or variable may be unsafe. Consider using sprintf_s instead. To disable deprecation, use _CRT_SECURE_NO_WARNINGS. See online help for details.
         (compiling source file 'samples/file_io/scene_loadoptions/cc_loader_options.cpp')
         
       Link:
         D:\VisualStudio\2022\Community\VC\Tools\MSVC\14.42.34433\bin\HostX64\x64\link.exe /ERRORREPORT:PROMPT /OUT:"D:\MODO\sdk\LXSDK_17_251515\build\Debug\file_io_scene_loadoptions\file_io_scene_loadoptions.lx" /INCREMENTAL /ILK:"D:\MODO\sdk\LXSDK_17_251515\build\Debug\file_io_scene_loadoptions\file_io_scene_loadoptions.ilk" /NOLOGO /LIBPATH:D:\MODO\sdk\LXSDK_17_251515\build\Debug\Lib\ /LIBPATH:"D:\GitHub\vcpkg\installed\x64-windows\debug\lib" /LIBPATH:"D:\GitHub\vcpkg\installed\x64-windows\debug\lib\manual-link" lxsdk.lib "D:\GitHub\vcpkg\installed\x64-windows\debug\lib\*.lib" /MANIFEST /MANIFESTUAC:"level='asInvoker' uiAccess='false'" /manifest:embed /DEBUG /PDB:"D:\MODO\sdk\LXSDK_17_251515\build\Debug\file_io_scene_loadoptions\file_io_scene_loadoptions.pdb" /SUBSYSTEM:CONSOLE /TLBID:1 /DYNAMICBASE /NXCOMPAT /IMPLIB:"D:\MODO\sdk\LXSDK_17_251515\build\Debug\file_io_scene_loadoptions\file_io_scene_loadoptions.lib" /MACHINE:X64 /DLL D:\MODO\sdk\LXSDK_17_251515\build\Debug\file_io_scene_loadoptions\cc_loader_options.obj
            Creating library D:\MODO\sdk\LXSDK_17_251515\build\Debug\file_io_scene_loadoptions\file_io_scene_loadoptions.lib and object D:\MODO\sdk\LXSDK_17_251515\build\Debug\file_io_scene_loadoptions\file_io_scene_loadoptions.exp
         file_io_scene_loadoptions.vcxproj -> D:\MODO\sdk\LXSDK_17_251515\build\Debug\file_io_scene_loadoptions\file_io_scene_loadoptions.lx
       AppLocalFromInstalled:
         pwsh.exe -ExecutionPolicy Bypass -noprofile -File "D:\GitHub\vcpkg\scripts\buildsystems\msbuild\applocal.ps1" "D:\MODO\sdk\LXSDK_17_251515\build\Debug\file_io_scene_loadoptions\file_io_scene_loadoptions.lx" "D:\GitHub\vcpkg\installed\x64-windows\debug\bin" "D:\MODO\sdk\LXSDK_17_251515\build\Debug\file_io_scene_loadoptions\file_io_.58A96517.tlog\file_io_scene_loadoptions.write.1u.tlog" "D:\MODO\sdk\LXSDK_17_251515\build\Debug\file_io_scene_loadoptions\vcpkg.applocal.log"
         'pwsh.exe' is not recognized as an internal or external command,
         operable program or batch file.
         The command "pwsh.exe -ExecutionPolicy Bypass -noprofile -File "D:\GitHub\vcpkg\scripts\buildsystems\msbuild\applocal.ps1" "D:\MODO\sdk\LXSDK_17_251515\build\Debug\file_io_scene_loadoptions\file_io_scene_loadoptions.lx" "D:\GitHub\vcpkg\installed\x64-windows\debug\bin" "D:\MODO\sdk\LXSDK_17_251515\build\Debug\file_io_scene_loadoptions\file_io_.58A96517.tlog\file_io_scene_loadoptions.write.1u.tlog" "D:\MODO\sdk\LXSDK_17_251515\build\Debug\file_io_scene_loadoptions\vcpkg.applocal.log"" exited with code 9009.
         "C:\WINDOWS\System32\WindowsPowerShell\v1.0\powershell.exe" -ExecutionPolicy Bypass -noprofile -File "D:\GitHub\vcpkg\scripts\buildsystems\msbuild\applocal.ps1" "D:\MODO\sdk\LXSDK_17_251515\build\Debug\file_io_scene_loadoptions\file_io_scene_loadoptions.lx" "D:\GitHub\vcpkg\installed\x64-windows\debug\bin" "D:\MODO\sdk\LXSDK_17_251515\build\Debug\file_io_scene_loadoptions\file_io_.58A96517.tlog\file_io_scene_loadoptions.write.1u.tlog" "D:\MODO\sdk\LXSDK_17_251515\build\Debug\file_io_scene_loadoptions\vcpkg.applocal.log"
       PostBuildEvent:
         xcopy "D:\MODO\sdk\LXSDK_17_251515\build\Debug\file_io_scene_loadoptions\file_io_scene_loadoptions.lx" "D:\MODO\sdk\LXSDK_17_251515\build\Debug\lx\" /F /Y
         :VCEnd
         D:\MODO\sdk\LXSDK_17_251515\build\Debug\file_io_scene_loadoptions\file_io_scene_loadoptions.lx -> D:\MODO\sdk\LXSDK_17_251515\build\Debug\lx\file_io_scene_loadoptions.lx
         1 File(s) copied
       FinalizeBuildStatus:
         Deleting file "D:\MODO\sdk\LXSDK_17_251515\build\Debug\file_io_scene_loadoptions\file_io_.58A96517.tlog\unsuccessfulbuild".
         Touching "D:\MODO\sdk\LXSDK_17_251515\build\Debug\file_io_scene_loadoptions\file_io_.58A96517.tlog\file_io_scene_loadoptions.lastbuildstate".
     1>Done Building Project "D:\MODO\sdk\LXSDK_17_251515\file_io_scene_loadoptions.vcxproj" (Build target(s)).

Build succeeded.

       "D:\MODO\sdk\LXSDK_17_251515\file_io_scene_loadoptions.vcxproj" (Build target) (1) ->
       (ClCompile target) -> 
         D:\MODO\sdk\LXSDK_17_251515\include\lx_message.hpp(99,3): warning C4996: 'sprintf': This function or variable may be unsafe. Consider using sprintf_s instead. To disable deprecation, use _CRT_SECURE_NO_WARNINGS. See online help for details.

    1 Warning(s)
    0 Error(s)

Time Elapsed 00:00:01.65
