Build started 30/11/2024 5:31:24 pm.
Logging verbosity is set to: Normal.     1>Project "D:\GitHub\LxDev\17_251515\lxsdk.vcxproj" on node 2 (Build target(s)).
     1>PrepareForBuild:
         Structured output is enabled. The formatting of compiler diagnostics will reflect the error hierarchy. See https://aka.ms/cpp/structured-output for more details.
         Creating directory "D:\MODO\sdk\LXSDK_17_251515\build\Release\lxsdk\lxsdk.tlog\".
       InitializeBuildStatus:
         Creating "D:\MODO\sdk\LXSDK_17_251515\build\Release\lxsdk\lxsdk.tlog\unsuccessfulbuild" because "AlwaysCreate" was specified.
         Touching "D:\MODO\sdk\LXSDK_17_251515\build\Release\lxsdk\lxsdk.tlog\unsuccessfulbuild".
       ComputeStdModulesCompileInputs:
         Reading library manifest file 'D:\VisualStudio\2022\Community\VC\Tools\MSVC\14.42.34433\modules\modules.json' which provides data for library 'microsoft/STL'.
         Adding module source 'D:\VisualStudio\2022\Community\VC\Tools\MSVC\14.42.34433\modules\std.ixx' from library 'microsoft/STL' to be built with this project.
         Adding module source 'D:\VisualStudio\2022\Community\VC\Tools\MSVC\14.42.34433\modules\std.compat.ixx' from library 'microsoft/STL' to be built with this project.
       SetModuleDependencies:
         Creating directory "D:\MODO\sdk\LXSDK_17_251515\build\Release\lxsdk\lxsdk_MD.tlog\".
       VcpkgTripletSelection:
         Using triplet "x64-windows" from "D:\GitHub\vcpkg\installed\x64-windows\"
         Using normalized configuration "Release"
       ClCompile:
         D:\VisualStudio\2022\Community\VC\Tools\MSVC\14.42.34433\bin\HostX64\x64\CL.exe /c /ID:\MODO\sdk\LXSDK_17_251515\include /I"D:\GitHub\vcpkg\installed\x64-windows\include" /Zi /nologo /W3 /WX- /diagnostics:column /O2 /Oi /GL /D WIN32 /D NDEBUG /D _LIB /D _UNICODE /D _UNICODE /D UNICODE /Gm- /EHsc /MD /GS /Gy /fp:precise /Zc:wchar_t /Zc:forScope /Zc:inline /std:c++latest /Fo"D:\MODO\sdk\LXSDK_17_251515\build\Release\lxsdk\\" /Fd"D:\MODO\sdk\LXSDK_17_251515\build\Release\lxsdk\lxsdk.pdb" /external:W3 /Gd /TP /FC /errorReport:prompt D:\MODO\sdk\LXSDK_17_251515\common\clean.cpp D:\MODO\sdk\LXSDK_17_251515\common\cwrap.cpp D:\MODO\sdk\LXSDK_17_251515\common\initialize.cpp D:\MODO\sdk\LXSDK_17_251515\common\lxu_attrdesc.cpp D:\MODO\sdk\LXSDK_17_251515\common\lxu_attributes.cpp D:\MODO\sdk\LXSDK_17_251515\common\lxu_chanmod.cpp D:\MODO\sdk\LXSDK_17_251515\common\lxu_command.cpp D:\MODO\sdk\LXSDK_17_251515\common\lxu_deform.cpp D:\MODO\sdk\LXSDK_17_251515\common\lxu_dialog.cpp D:\MODO\sdk\LXSDK_17_251515\common\lxu_drawover.cpp D:\MODO\sdk\LXSDK_17_251515\common\lxu_drop.cpp D:\MODO\sdk\LXSDK_17_251515\common\lxu_format.cpp D:\MODO\sdk\LXSDK_17_251515\common\lxu_geometry.cpp D:\MODO\sdk\LXSDK_17_251515\common\lxu_geometry_triangulation.cpp D:\MODO\sdk\LXSDK_17_251515\common\lxu_io.cpp D:\MODO\sdk\LXSDK_17_251515\common\lxu_log.cpp D:\MODO\sdk\LXSDK_17_251515\common\lxu_math.cpp D:\MODO\sdk\LXSDK_17_251515\common\lxu_matrix.cpp D:\MODO\sdk\LXSDK_17_251515\common\lxu_message.cpp D:\MODO\sdk\LXSDK_17_251515\common\lxu_meta.cpp D:\MODO\sdk\LXSDK_17_251515\common\lxu_modifier.cpp D:\MODO\sdk\LXSDK_17_251515\common\lxu_octree.cpp D:\MODO\sdk\LXSDK_17_251515\common\lxu_package.cpp D:\MODO\sdk\LXSDK_17_251515\common\lxu_parser.cpp D:\MODO\sdk\LXSDK_17_251515\common\lxu_prefvalue.cpp D:\MODO\sdk\LXSDK_17_251515\common\lxu_quaternion.cpp D:\MODO\sdk\LXSDK_17_251515\common\lxu_queries.cpp D:\MODO\sdk\LXSDK_17_251515\common\lxu_rendercontext.cpp D:\MODO\sdk\LXSDK_17_251515\common\lxu_scene.cpp D:\MODO\sdk\LXSDK_17_251515\common\lxu_schematic.cpp D:\MODO\sdk\LXSDK_17_251515\common\lxu_select.cpp D:\MODO\sdk\LXSDK_17_251515\common\lxu_shade.cpp D:\MODO\sdk\LXSDK_17_251515\common\lxu_simd.cpp D:\MODO\sdk\LXSDK_17_251515\common\lxu_surface.cpp D:\MODO\sdk\LXSDK_17_251515\common\lxu_tableau.cpp D:\MODO\sdk\LXSDK_17_251515\common\lxu_value.cpp D:\MODO\sdk\LXSDK_17_251515\common\lxu_vector.cpp D:\MODO\sdk\LXSDK_17_251515\common\lxu_vectorarray.cpp D:\MODO\sdk\LXSDK_17_251515\common\util.cpp
         clean.cpp
         cwrap.cpp
         initialize.cpp
         lxu_attrdesc.cpp
     1>D:\MODO\sdk\LXSDK_17_251515\include\lx_message.hpp(99,3): warning C4996: 'sprintf': This function or variable may be unsafe. Consider using sprintf_s instead. To disable deprecation, use _CRT_SECURE_NO_WARNINGS. See online help for details.
         (compiling source file '../../../MODO/sdk/LXSDK_17_251515/common/lxu_attrdesc.cpp')
         
     1>D:\MODO\sdk\LXSDK_17_251515\common\lxu_attrdesc.cpp(383,31): warning C4018: '<': signed/unsigned mismatch
     1>D:\MODO\sdk\LXSDK_17_251515\common\lxu_attrdesc.cpp(775,31): warning C4018: '<': signed/unsigned mismatch
     1>D:\MODO\sdk\LXSDK_17_251515\common\lxu_attrdesc.cpp(886,13): warning C4996: 'sprintf': This function or variable may be unsafe. Consider using sprintf_s instead. To disable deprecation, use _CRT_SECURE_NO_WARNINGS. See online help for details.
     1>D:\MODO\sdk\LXSDK_17_251515\common\lxu_attrdesc.cpp(893,13): warning C4996: 'sprintf': This function or variable may be unsafe. Consider using sprintf_s instead. To disable deprecation, use _CRT_SECURE_NO_WARNINGS. See online help for details.
         lxu_attributes.cpp
     1>D:\MODO\sdk\LXSDK_17_251515\include\lx_message.hpp(99,3): warning C4996: 'sprintf': This function or variable may be unsafe. Consider using sprintf_s instead. To disable deprecation, use _CRT_SECURE_NO_WARNINGS. See online help for details.
         (compiling source file '../../../MODO/sdk/LXSDK_17_251515/common/lxu_attributes.cpp')
         
     1>D:\MODO\sdk\LXSDK_17_251515\common\lxu_attributes.cpp(363,19): warning C4018: '>': signed/unsigned mismatch
     1>D:\MODO\sdk\LXSDK_17_251515\common\lxu_attributes.cpp(370,19): warning C4018: '>': signed/unsigned mismatch
     1>D:\MODO\sdk\LXSDK_17_251515\common\lxu_attributes.cpp(821,23): warning C4018: '<': signed/unsigned mismatch
     1>D:\MODO\sdk\LXSDK_17_251515\common\lxu_attributes.cpp(882,23): warning C4018: '<': signed/unsigned mismatch
         lxu_chanmod.cpp
     1>D:\MODO\sdk\LXSDK_17_251515\include\lx_message.hpp(99,3): warning C4996: 'sprintf': This function or variable may be unsafe. Consider using sprintf_s instead. To disable deprecation, use _CRT_SECURE_NO_WARNINGS. See online help for details.
         (compiling source file '../../../MODO/sdk/LXSDK_17_251515/common/lxu_chanmod.cpp')
         
         lxu_command.cpp
     1>D:\MODO\sdk\LXSDK_17_251515\include\lx_message.hpp(99,3): warning C4996: 'sprintf': This function or variable may be unsafe. Consider using sprintf_s instead. To disable deprecation, use _CRT_SECURE_NO_WARNINGS. See online help for details.
         (compiling source file '../../../MODO/sdk/LXSDK_17_251515/common/lxu_command.cpp')
         
     1>D:\MODO\sdk\LXSDK_17_251515\common\lxu_command.cpp(1696,39): warning C4018: '<': signed/unsigned mismatch
     1>D:\MODO\sdk\LXSDK_17_251515\common\lxu_command.cpp(1715,61): warning C4018: '<': signed/unsigned mismatch
         lxu_deform.cpp
         lxu_dialog.cpp
     1>D:\MODO\sdk\LXSDK_17_251515\include\lx_message.hpp(99,3): warning C4996: 'sprintf': This function or variable may be unsafe. Consider using sprintf_s instead. To disable deprecation, use _CRT_SECURE_NO_WARNINGS. See online help for details.
         (compiling source file '../../../MODO/sdk/LXSDK_17_251515/common/lxu_dialog.cpp')
         
         lxu_drawover.cpp
     1>D:\MODO\sdk\LXSDK_17_251515\include\lx_message.hpp(99,3): warning C4996: 'sprintf': This function or variable may be unsafe. Consider using sprintf_s instead. To disable deprecation, use _CRT_SECURE_NO_WARNINGS. See online help for details.
         (compiling source file '../../../MODO/sdk/LXSDK_17_251515/common/lxu_drawover.cpp')
         
         lxu_drop.cpp
     1>D:\MODO\sdk\LXSDK_17_251515\include\lx_message.hpp(99,3): warning C4996: 'sprintf': This function or variable may be unsafe. Consider using sprintf_s instead. To disable deprecation, use _CRT_SECURE_NO_WARNINGS. See online help for details.
         (compiling source file '../../../MODO/sdk/LXSDK_17_251515/common/lxu_drop.cpp')
         
     1>D:\MODO\sdk\LXSDK_17_251515\common\lxu_drop.cpp(90,17): warning C4996: 'sprintf': This function or variable may be unsafe. Consider using sprintf_s instead. To disable deprecation, use _CRT_SECURE_NO_WARNINGS. See online help for details.
         lxu_format.cpp
     1>D:\MODO\sdk\LXSDK_17_251515\common\lxu_format.cpp(160,5): warning C4996: 'sprintf': This function or variable may be unsafe. Consider using sprintf_s instead. To disable deprecation, use _CRT_SECURE_NO_WARNINGS. See online help for details.
     1>D:\MODO\sdk\LXSDK_17_251515\common\lxu_format.cpp(171,5): warning C4996: 'sprintf': This function or variable may be unsafe. Consider using sprintf_s instead. To disable deprecation, use _CRT_SECURE_NO_WARNINGS. See online help for details.
     1>D:\MODO\sdk\LXSDK_17_251515\common\lxu_format.cpp(291,5): warning C4996: 'sprintf': This function or variable may be unsafe. Consider using sprintf_s instead. To disable deprecation, use _CRT_SECURE_NO_WARNINGS. See online help for details.
     1>D:\MODO\sdk\LXSDK_17_251515\common\lxu_format.cpp(311,5): warning C4996: 'sprintf': This function or variable may be unsafe. Consider using sprintf_s instead. To disable deprecation, use _CRT_SECURE_NO_WARNINGS. See online help for details.
     1>D:\MODO\sdk\LXSDK_17_251515\common\lxu_format.cpp(337,9): warning C4996: 'sprintf': This function or variable may be unsafe. Consider using sprintf_s instead. To disable deprecation, use _CRT_SECURE_NO_WARNINGS. See online help for details.
     1>D:\MODO\sdk\LXSDK_17_251515\common\lxu_format.cpp(339,9): warning C4996: 'sprintf': This function or variable may be unsafe. Consider using sprintf_s instead. To disable deprecation, use _CRT_SECURE_NO_WARNINGS. See online help for details.
         lxu_geometry.cpp
         lxu_geometry_triangulation.cpp
     1>D:\MODO\sdk\LXSDK_17_251515\common\lxu_geometry_triangulation.cpp(125,19): warning C4018: '<': signed/unsigned mismatch
     1>D:\MODO\sdk\LXSDK_17_251515\common\lxu_geometry_triangulation.cpp(868,19): warning C4018: '<': signed/unsigned mismatch
     1>D:\MODO\sdk\LXSDK_17_251515\common\lxu_geometry_triangulation.cpp(896,19): warning C4018: '<': signed/unsigned mismatch
     1>D:\MODO\sdk\LXSDK_17_251515\common\lxu_geometry_triangulation.cpp(970,19): warning C4018: '<': signed/unsigned mismatch
     1>D:\MODO\sdk\LXSDK_17_251515\common\lxu_geometry_triangulation.cpp(1004,29): warning C4018: '<': signed/unsigned mismatch
         lxu_io.cpp
         lxu_log.cpp
     1>D:\MODO\sdk\LXSDK_17_251515\include\lx_message.hpp(99,3): warning C4996: 'sprintf': This function or variable may be unsafe. Consider using sprintf_s instead. To disable deprecation, use _CRT_SECURE_NO_WARNINGS. See online help for details.
         (compiling source file '../../../MODO/sdk/LXSDK_17_251515/common/lxu_log.cpp')
         
         lxu_math.cpp
         lxu_matrix.cpp
     1>D:\MODO\sdk\LXSDK_17_251515\include\lx_message.hpp(99,3): warning C4996: 'sprintf': This function or variable may be unsafe. Consider using sprintf_s instead. To disable deprecation, use _CRT_SECURE_NO_WARNINGS. See online help for details.
         (compiling source file '../../../MODO/sdk/LXSDK_17_251515/common/lxu_matrix.cpp')
         
     1>D:\MODO\sdk\LXSDK_17_251515\include\lxu_result.hpp(114,3): warning C4996: 'sprintf': This function or variable may be unsafe. Consider using sprintf_s instead. To disable deprecation, use _CRT_SECURE_NO_WARNINGS. See online help for details.
         (compiling source file '../../../MODO/sdk/LXSDK_17_251515/common/lxu_matrix.cpp')
         
         lxu_message.cpp
     1>D:\MODO\sdk\LXSDK_17_251515\include\lx_message.hpp(99,3): warning C4996: 'sprintf': This function or variable may be unsafe. Consider using sprintf_s instead. To disable deprecation, use _CRT_SECURE_NO_WARNINGS. See online help for details.
         (compiling source file '../../../MODO/sdk/LXSDK_17_251515/common/lxu_message.cpp')
         
         lxu_meta.cpp
     1>D:\MODO\sdk\LXSDK_17_251515\common\lxu_meta.cpp(97,5): warning C4996: 'sprintf': This function or variable may be unsafe. Consider using sprintf_s instead. To disable deprecation, use _CRT_SECURE_NO_WARNINGS. See online help for details.
     1>D:\MODO\sdk\LXSDK_17_251515\common\lxu_meta.cpp(102,9): warning C4996: 'sprintf': This function or variable may be unsafe. Consider using sprintf_s instead. To disable deprecation, use _CRT_SECURE_NO_WARNINGS. See online help for details.
         Compiling...
         lxu_modifier.cpp
     1>D:\MODO\sdk\LXSDK_17_251515\include\lx_message.hpp(99,3): warning C4996: 'sprintf': This function or variable may be unsafe. Consider using sprintf_s instead. To disable deprecation, use _CRT_SECURE_NO_WARNINGS. See online help for details.
         (compiling source file '../../../MODO/sdk/LXSDK_17_251515/common/lxu_modifier.cpp')
         
         lxu_octree.cpp
     1>D:\MODO\sdk\LXSDK_17_251515\include\lxu_oqtree.hpp(323,47): warning C4018: '>': signed/unsigned mismatch
         (compiling source file '../../../MODO/sdk/LXSDK_17_251515/common/lxu_octree.cpp')
             D:\MODO\sdk\LXSDK_17_251515\include\lxu_oqtree.hpp(323,47):
             the template instantiation context (the oldest one first) is
                 D:\MODO\sdk\LXSDK_17_251515\common\lxu_octree.cpp(21,16):
                 see reference to class template instantiation 'oqTree<ocTreeData,3>' being compiled
                 D:\MODO\sdk\LXSDK_17_251515\include\lxu_oqtree.hpp(294,6):
                 while compiling class template member function 'int oqTree<ocTreeData,3>::AddPoint(const double [],oqElmData *)'
                 with
                 [
                     oqElmData=ocTreeData
                 ]
                     D:\MODO\sdk\LXSDK_17_251515\common\lxu_octree.cpp(50,5):
                     see the first reference to 'oqTree<ocTreeData,3>::AddPoint' in 'CLxOcTree::addPoint'
         
         lxu_package.cpp
     1>D:\MODO\sdk\LXSDK_17_251515\include\lx_message.hpp(99,3): warning C4996: 'sprintf': This function or variable may be unsafe. Consider using sprintf_s instead. To disable deprecation, use _CRT_SECURE_NO_WARNINGS. See online help for details.
         (compiling source file '../../../MODO/sdk/LXSDK_17_251515/common/lxu_package.cpp')
         
     1>D:\MODO\sdk\LXSDK_17_251515\common\lxu_package.cpp(378,19): warning C4018: '>=': signed/unsigned mismatch
         lxu_parser.cpp
     1>D:\MODO\sdk\LXSDK_17_251515\common\lxu_parser.cpp(215,12): warning C4996: 'fopen': This function or variable may be unsafe. Consider using fopen_s instead. To disable deprecation, use _CRT_SECURE_NO_WARNINGS. See online help for details.
     1>D:\MODO\sdk\LXSDK_17_251515\common\lxu_parser.cpp(368,5): warning C4996: 'strcpy': This function or variable may be unsafe. Consider using strcpy_s instead. To disable deprecation, use _CRT_SECURE_NO_WARNINGS. See online help for details.
     1>D:\MODO\sdk\LXSDK_17_251515\common\lxu_parser.cpp(513,16): warning C4996: 'fopen': This function or variable may be unsafe. Consider using fopen_s instead. To disable deprecation, use _CRT_SECURE_NO_WARNINGS. See online help for details.
         lxu_prefvalue.cpp
     1>D:\MODO\sdk\LXSDK_17_251515\include\lx_message.hpp(99,3): warning C4996: 'sprintf': This function or variable may be unsafe. Consider using sprintf_s instead. To disable deprecation, use _CRT_SECURE_NO_WARNINGS. See online help for details.
         (compiling source file '../../../MODO/sdk/LXSDK_17_251515/common/lxu_prefvalue.cpp')
         
         lxu_quaternion.cpp
     1>D:\MODO\sdk\LXSDK_17_251515\include\lx_message.hpp(99,3): warning C4996: 'sprintf': This function or variable may be unsafe. Consider using sprintf_s instead. To disable deprecation, use _CRT_SECURE_NO_WARNINGS. See online help for details.
         (compiling source file '../../../MODO/sdk/LXSDK_17_251515/common/lxu_quaternion.cpp')
         
     1>D:\MODO\sdk\LXSDK_17_251515\include\lxu_result.hpp(114,3): warning C4996: 'sprintf': This function or variable may be unsafe. Consider using sprintf_s instead. To disable deprecation, use _CRT_SECURE_NO_WARNINGS. See online help for details.
         (compiling source file '../../../MODO/sdk/LXSDK_17_251515/common/lxu_quaternion.cpp')
         
         lxu_queries.cpp
     1>D:\MODO\sdk\LXSDK_17_251515\include\lx_message.hpp(99,3): warning C4996: 'sprintf': This function or variable may be unsafe. Consider using sprintf_s instead. To disable deprecation, use _CRT_SECURE_NO_WARNINGS. See online help for details.
         (compiling source file '../../../MODO/sdk/LXSDK_17_251515/common/lxu_queries.cpp')
         
         lxu_rendercontext.cpp
     1>D:\MODO\sdk\LXSDK_17_251515\include\lx_message.hpp(99,3): warning C4996: 'sprintf': This function or variable may be unsafe. Consider using sprintf_s instead. To disable deprecation, use _CRT_SECURE_NO_WARNINGS. See online help for details.
         (compiling source file '../../../MODO/sdk/LXSDK_17_251515/common/lxu_rendercontext.cpp')
         
     1>D:\MODO\sdk\LXSDK_17_251515\common\lxu_rendercontext.cpp(289,42): warning C4018: '<': signed/unsigned mismatch
     1>D:\MODO\sdk\LXSDK_17_251515\common\lxu_rendercontext.cpp(1357,9): warning C4996: 'sprintf': This function or variable may be unsafe. Consider using sprintf_s instead. To disable deprecation, use _CRT_SECURE_NO_WARNINGS. See online help for details.
     1>D:\MODO\sdk\LXSDK_17_251515\common\lxu_rendercontext.cpp(1391,9): warning C4996: 'sprintf': This function or variable may be unsafe. Consider using sprintf_s instead. To disable deprecation, use _CRT_SECURE_NO_WARNINGS. See online help for details.
     1>D:\MODO\sdk\LXSDK_17_251515\common\lxu_rendercontext.cpp(1848,23): warning C4018: '<': signed/unsigned mismatch
         lxu_scene.cpp
     1>D:\MODO\sdk\LXSDK_17_251515\include\lx_message.hpp(99,3): warning C4996: 'sprintf': This function or variable may be unsafe. Consider using sprintf_s instead. To disable deprecation, use _CRT_SECURE_NO_WARNINGS. See online help for details.
         (compiling source file '../../../MODO/sdk/LXSDK_17_251515/common/lxu_scene.cpp')
         
     1>D:\MODO\sdk\LXSDK_17_251515\common\lxu_scene.cpp(301,5): warning C4996: 'strcpy': This function or variable may be unsafe. Consider using strcpy_s instead. To disable deprecation, use _CRT_SECURE_NO_WARNINGS. See online help for details.
     1>D:\MODO\sdk\LXSDK_17_251515\common\lxu_scene.cpp(358,5): warning C4996: 'strcpy': This function or variable may be unsafe. Consider using strcpy_s instead. To disable deprecation, use _CRT_SECURE_NO_WARNINGS. See online help for details.
     1>D:\MODO\sdk\LXSDK_17_251515\common\lxu_scene.cpp(373,12): warning C4996: 'strnicmp': The POSIX name for this item is deprecated. Instead, use the ISO C and C++ conformant name: _strnicmp. See online help for details.
     1>D:\MODO\sdk\LXSDK_17_251515\common\lxu_scene.cpp(476,9): warning C4996: 'strcpy': This function or variable may be unsafe. Consider using strcpy_s instead. To disable deprecation, use _CRT_SECURE_NO_WARNINGS. See online help for details.
     1>D:\MODO\sdk\LXSDK_17_251515\common\lxu_scene.cpp(478,9): warning C4996: 'strcpy': This function or variable may be unsafe. Consider using strcpy_s instead. To disable deprecation, use _CRT_SECURE_NO_WARNINGS. See online help for details.
     1>D:\MODO\sdk\LXSDK_17_251515\common\lxu_scene.cpp(513,5): warning C4996: 'strcpy': This function or variable may be unsafe. Consider using strcpy_s instead. To disable deprecation, use _CRT_SECURE_NO_WARNINGS. See online help for details.
     1>D:\MODO\sdk\LXSDK_17_251515\common\lxu_scene.cpp(579,5): warning C4996: 'strcpy': This function or variable may be unsafe. Consider using strcpy_s instead. To disable deprecation, use _CRT_SECURE_NO_WARNINGS. See online help for details.
     1>D:\MODO\sdk\LXSDK_17_251515\common\lxu_scene.cpp(3740,5): warning C4996: 'strcpy': This function or variable may be unsafe. Consider using strcpy_s instead. To disable deprecation, use _CRT_SECURE_NO_WARNINGS. See online help for details.
     1>D:\MODO\sdk\LXSDK_17_251515\common\lxu_scene.cpp(3763,9): warning C4996: 'strcpy': This function or variable may be unsafe. Consider using strcpy_s instead. To disable deprecation, use _CRT_SECURE_NO_WARNINGS. See online help for details.
     1>D:\MODO\sdk\LXSDK_17_251515\common\lxu_scene.cpp(3771,5): warning C4996: 'strcpy': This function or variable may be unsafe. Consider using strcpy_s instead. To disable deprecation, use _CRT_SECURE_NO_WARNINGS. See online help for details.
     1>D:\MODO\sdk\LXSDK_17_251515\common\lxu_scene.cpp(3787,9): warning C4996: 'strcpy': This function or variable may be unsafe. Consider using strcpy_s instead. To disable deprecation, use _CRT_SECURE_NO_WARNINGS. See online help for details.
         lxu_schematic.cpp
         lxu_select.cpp
         lxu_shade.cpp
     1>D:\MODO\sdk\LXSDK_17_251515\include\lx_message.hpp(99,3): warning C4996: 'sprintf': This function or variable may be unsafe. Consider using sprintf_s instead. To disable deprecation, use _CRT_SECURE_NO_WARNINGS. See online help for details.
         (compiling source file '../../../MODO/sdk/LXSDK_17_251515/common/lxu_shade.cpp')
         
         lxu_simd.cpp
         lxu_surface.cpp
     1>D:\MODO\sdk\LXSDK_17_251515\include\lx_message.hpp(99,3): warning C4996: 'sprintf': This function or variable may be unsafe. Consider using sprintf_s instead. To disable deprecation, use _CRT_SECURE_NO_WARNINGS. See online help for details.
         (compiling source file '../../../MODO/sdk/LXSDK_17_251515/common/lxu_surface.cpp')
         
         lxu_tableau.cpp
         lxu_value.cpp
         lxu_vector.cpp
     1>D:\MODO\sdk\LXSDK_17_251515\include\lx_message.hpp(99,3): warning C4996: 'sprintf': This function or variable may be unsafe. Consider using sprintf_s instead. To disable deprecation, use _CRT_SECURE_NO_WARNINGS. See online help for details.
         (compiling source file '../../../MODO/sdk/LXSDK_17_251515/common/lxu_vector.cpp')
         
     1>D:\MODO\sdk\LXSDK_17_251515\include\lxu_result.hpp(114,3): warning C4996: 'sprintf': This function or variable may be unsafe. Consider using sprintf_s instead. To disable deprecation, use _CRT_SECURE_NO_WARNINGS. See online help for details.
         (compiling source file '../../../MODO/sdk/LXSDK_17_251515/common/lxu_vector.cpp')
         
         lxu_vectorarray.cpp
     1>D:\MODO\sdk\LXSDK_17_251515\include\lx_message.hpp(99,3): warning C4996: 'sprintf': This function or variable may be unsafe. Consider using sprintf_s instead. To disable deprecation, use _CRT_SECURE_NO_WARNINGS. See online help for details.
         (compiling source file '../../../MODO/sdk/LXSDK_17_251515/common/lxu_vectorarray.cpp')
         
     1>D:\MODO\sdk\LXSDK_17_251515\include\lxu_result.hpp(114,3): warning C4996: 'sprintf': This function or variable may be unsafe. Consider using sprintf_s instead. To disable deprecation, use _CRT_SECURE_NO_WARNINGS. See online help for details.
         (compiling source file '../../../MODO/sdk/LXSDK_17_251515/common/lxu_vectorarray.cpp')
         
     1>D:\MODO\sdk\LXSDK_17_251515\common\lxu_vectorarray.cpp(276,23): warning C4018: '<': signed/unsigned mismatch
     1>D:\MODO\sdk\LXSDK_17_251515\common\lxu_vectorarray.cpp(286,23): warning C4018: '<': signed/unsigned mismatch
         util.cpp
     1>D:\MODO\sdk\LXSDK_17_251515\include\lx_message.hpp(99,3): warning C4996: 'sprintf': This function or variable may be unsafe. Consider using sprintf_s instead. To disable deprecation, use _CRT_SECURE_NO_WARNINGS. See online help for details.
         (compiling source file '../../../MODO/sdk/LXSDK_17_251515/common/util.cpp')
         
     1>D:\MODO\sdk\LXSDK_17_251515\common\util.cpp(187,9): warning C4996: 'strcpy': This function or variable may be unsafe. Consider using strcpy_s instead. To disable deprecation, use _CRT_SECURE_NO_WARNINGS. See online help for details.
     1>D:\MODO\sdk\LXSDK_17_251515\common\util.cpp(192,9): warning C4996: 'strncpy': This function or variable may be unsafe. Consider using strncpy_s instead. To disable deprecation, use _CRT_SECURE_NO_WARNINGS. See online help for details.
     1>D:\MODO\sdk\LXSDK_17_251515\common\util.cpp(214,5): warning C4996: 'sprintf': This function or variable may be unsafe. Consider using sprintf_s instead. To disable deprecation, use _CRT_SECURE_NO_WARNINGS. See online help for details.
     1>D:\MODO\sdk\LXSDK_17_251515\common\util.cpp(223,5): warning C4996: 'sprintf': This function or variable may be unsafe. Consider using sprintf_s instead. To disable deprecation, use _CRT_SECURE_NO_WARNINGS. See online help for details.
       Lib:
         D:\VisualStudio\2022\Community\VC\Tools\MSVC\14.42.34433\bin\HostX64\x64\Lib.exe /OUT:"D:\MODO\sdk\LXSDK_17_251515\build\Release\lxsdk\lxsdk.lib" /LIBPATH:"D:\GitHub\vcpkg\installed\x64-windows\lib" /LIBPATH:"D:\GitHub\vcpkg\installed\x64-windows\lib\manual-link" /NOLOGO /MACHINE:X64 /LTCG D:\MODO\sdk\LXSDK_17_251515\build\Release\lxsdk\clean.obj
         D:\MODO\sdk\LXSDK_17_251515\build\Release\lxsdk\cwrap.obj
         D:\MODO\sdk\LXSDK_17_251515\build\Release\lxsdk\initialize.obj
         D:\MODO\sdk\LXSDK_17_251515\build\Release\lxsdk\lxu_attrdesc.obj
         D:\MODO\sdk\LXSDK_17_251515\build\Release\lxsdk\lxu_attributes.obj
         D:\MODO\sdk\LXSDK_17_251515\build\Release\lxsdk\lxu_chanmod.obj
         D:\MODO\sdk\LXSDK_17_251515\build\Release\lxsdk\lxu_command.obj
         D:\MODO\sdk\LXSDK_17_251515\build\Release\lxsdk\lxu_deform.obj
         D:\MODO\sdk\LXSDK_17_251515\build\Release\lxsdk\lxu_dialog.obj
         D:\MODO\sdk\LXSDK_17_251515\build\Release\lxsdk\lxu_drawover.obj
         D:\MODO\sdk\LXSDK_17_251515\build\Release\lxsdk\lxu_drop.obj
         D:\MODO\sdk\LXSDK_17_251515\build\Release\lxsdk\lxu_format.obj
         D:\MODO\sdk\LXSDK_17_251515\build\Release\lxsdk\lxu_geometry.obj
         D:\MODO\sdk\LXSDK_17_251515\build\Release\lxsdk\lxu_geometry_triangulation.obj
         D:\MODO\sdk\LXSDK_17_251515\build\Release\lxsdk\lxu_io.obj
         D:\MODO\sdk\LXSDK_17_251515\build\Release\lxsdk\lxu_log.obj
         D:\MODO\sdk\LXSDK_17_251515\build\Release\lxsdk\lxu_math.obj
         D:\MODO\sdk\LXSDK_17_251515\build\Release\lxsdk\lxu_matrix.obj
         D:\MODO\sdk\LXSDK_17_251515\build\Release\lxsdk\lxu_message.obj
         D:\MODO\sdk\LXSDK_17_251515\build\Release\lxsdk\lxu_meta.obj
         D:\MODO\sdk\LXSDK_17_251515\build\Release\lxsdk\lxu_modifier.obj
         D:\MODO\sdk\LXSDK_17_251515\build\Release\lxsdk\lxu_octree.obj
         D:\MODO\sdk\LXSDK_17_251515\build\Release\lxsdk\lxu_package.obj
         D:\MODO\sdk\LXSDK_17_251515\build\Release\lxsdk\lxu_parser.obj
         D:\MODO\sdk\LXSDK_17_251515\build\Release\lxsdk\lxu_prefvalue.obj
         D:\MODO\sdk\LXSDK_17_251515\build\Release\lxsdk\lxu_quaternion.obj
         D:\MODO\sdk\LXSDK_17_251515\build\Release\lxsdk\lxu_queries.obj
         D:\MODO\sdk\LXSDK_17_251515\build\Release\lxsdk\lxu_rendercontext.obj
         D:\MODO\sdk\LXSDK_17_251515\build\Release\lxsdk\lxu_scene.obj
         D:\MODO\sdk\LXSDK_17_251515\build\Release\lxsdk\lxu_schematic.obj
         D:\MODO\sdk\LXSDK_17_251515\build\Release\lxsdk\lxu_select.obj
         D:\MODO\sdk\LXSDK_17_251515\build\Release\lxsdk\lxu_shade.obj
         D:\MODO\sdk\LXSDK_17_251515\build\Release\lxsdk\lxu_simd.obj
         D:\MODO\sdk\LXSDK_17_251515\build\Release\lxsdk\lxu_surface.obj
         D:\MODO\sdk\LXSDK_17_251515\build\Release\lxsdk\lxu_tableau.obj
         D:\MODO\sdk\LXSDK_17_251515\build\Release\lxsdk\lxu_value.obj
         D:\MODO\sdk\LXSDK_17_251515\build\Release\lxsdk\lxu_vector.obj
         D:\MODO\sdk\LXSDK_17_251515\build\Release\lxsdk\lxu_vectorarray.obj
         D:\MODO\sdk\LXSDK_17_251515\build\Release\lxsdk\util.obj
         lxsdk.vcxproj -> D:\MODO\sdk\LXSDK_17_251515\build\Release\lxsdk\lxsdk.lib
       PostBuildEvent:
         xcopy "D:\MODO\sdk\LXSDK_17_251515\build\Release\lxsdk\lxsdk.lib" "D:\MODO\sdk\LXSDK_17_251515\build\Release\Lib\" /F /Y
         :VCEnd
         D:\MODO\sdk\LXSDK_17_251515\build\Release\lxsdk\lxsdk.lib -> D:\MODO\sdk\LXSDK_17_251515\build\Release\Lib\lxsdk.lib
         1 File(s) copied
       FinalizeBuildStatus:
         Deleting file "D:\MODO\sdk\LXSDK_17_251515\build\Release\lxsdk\lxsdk.tlog\unsuccessfulbuild".
         Touching "D:\MODO\sdk\LXSDK_17_251515\build\Release\lxsdk\lxsdk.tlog\lxsdk.lastbuildstate".
     1>Done Building Project "D:\GitHub\LxDev\17_251515\lxsdk.vcxproj" (Build target(s)).

Build succeeded.

       "D:\GitHub\LxDev\17_251515\lxsdk.vcxproj" (Build target) (1) ->
       (ClCompile target) -> 
         D:\MODO\sdk\LXSDK_17_251515\include\lx_message.hpp(99,3): warning C4996: 'sprintf': This function or variable may be unsafe. Consider using sprintf_s instead. To disable deprecation, use _CRT_SECURE_NO_WARNINGS. See online help for details.
         D:\MODO\sdk\LXSDK_17_251515\common\lxu_attrdesc.cpp(383,31): warning C4018: '<': signed/unsigned mismatch
         D:\MODO\sdk\LXSDK_17_251515\common\lxu_attrdesc.cpp(775,31): warning C4018: '<': signed/unsigned mismatch
         D:\MODO\sdk\LXSDK_17_251515\common\lxu_attrdesc.cpp(886,13): warning C4996: 'sprintf': This function or variable may be unsafe. Consider using sprintf_s instead. To disable deprecation, use _CRT_SECURE_NO_WARNINGS. See online help for details.
         D:\MODO\sdk\LXSDK_17_251515\common\lxu_attrdesc.cpp(893,13): warning C4996: 'sprintf': This function or variable may be unsafe. Consider using sprintf_s instead. To disable deprecation, use _CRT_SECURE_NO_WARNINGS. See online help for details.
         D:\MODO\sdk\LXSDK_17_251515\include\lx_message.hpp(99,3): warning C4996: 'sprintf': This function or variable may be unsafe. Consider using sprintf_s instead. To disable deprecation, use _CRT_SECURE_NO_WARNINGS. See online help for details.
         D:\MODO\sdk\LXSDK_17_251515\common\lxu_attributes.cpp(363,19): warning C4018: '>': signed/unsigned mismatch
         D:\MODO\sdk\LXSDK_17_251515\common\lxu_attributes.cpp(370,19): warning C4018: '>': signed/unsigned mismatch
         D:\MODO\sdk\LXSDK_17_251515\common\lxu_attributes.cpp(821,23): warning C4018: '<': signed/unsigned mismatch
         D:\MODO\sdk\LXSDK_17_251515\common\lxu_attributes.cpp(882,23): warning C4018: '<': signed/unsigned mismatch
         D:\MODO\sdk\LXSDK_17_251515\include\lx_message.hpp(99,3): warning C4996: 'sprintf': This function or variable may be unsafe. Consider using sprintf_s instead. To disable deprecation, use _CRT_SECURE_NO_WARNINGS. See online help for details.
         D:\MODO\sdk\LXSDK_17_251515\include\lx_message.hpp(99,3): warning C4996: 'sprintf': This function or variable may be unsafe. Consider using sprintf_s instead. To disable deprecation, use _CRT_SECURE_NO_WARNINGS. See online help for details.
         D:\MODO\sdk\LXSDK_17_251515\common\lxu_command.cpp(1696,39): warning C4018: '<': signed/unsigned mismatch
         D:\MODO\sdk\LXSDK_17_251515\common\lxu_command.cpp(1715,61): warning C4018: '<': signed/unsigned mismatch
         D:\MODO\sdk\LXSDK_17_251515\include\lx_message.hpp(99,3): warning C4996: 'sprintf': This function or variable may be unsafe. Consider using sprintf_s instead. To disable deprecation, use _CRT_SECURE_NO_WARNINGS. See online help for details.
         D:\MODO\sdk\LXSDK_17_251515\include\lx_message.hpp(99,3): warning C4996: 'sprintf': This function or variable may be unsafe. Consider using sprintf_s instead. To disable deprecation, use _CRT_SECURE_NO_WARNINGS. See online help for details.
         D:\MODO\sdk\LXSDK_17_251515\include\lx_message.hpp(99,3): warning C4996: 'sprintf': This function or variable may be unsafe. Consider using sprintf_s instead. To disable deprecation, use _CRT_SECURE_NO_WARNINGS. See online help for details.
         D:\MODO\sdk\LXSDK_17_251515\common\lxu_drop.cpp(90,17): warning C4996: 'sprintf': This function or variable may be unsafe. Consider using sprintf_s instead. To disable deprecation, use _CRT_SECURE_NO_WARNINGS. See online help for details.
         D:\MODO\sdk\LXSDK_17_251515\common\lxu_format.cpp(160,5): warning C4996: 'sprintf': This function or variable may be unsafe. Consider using sprintf_s instead. To disable deprecation, use _CRT_SECURE_NO_WARNINGS. See online help for details.
         D:\MODO\sdk\LXSDK_17_251515\common\lxu_format.cpp(171,5): warning C4996: 'sprintf': This function or variable may be unsafe. Consider using sprintf_s instead. To disable deprecation, use _CRT_SECURE_NO_WARNINGS. See online help for details.
         D:\MODO\sdk\LXSDK_17_251515\common\lxu_format.cpp(291,5): warning C4996: 'sprintf': This function or variable may be unsafe. Consider using sprintf_s instead. To disable deprecation, use _CRT_SECURE_NO_WARNINGS. See online help for details.
         D:\MODO\sdk\LXSDK_17_251515\common\lxu_format.cpp(311,5): warning C4996: 'sprintf': This function or variable may be unsafe. Consider using sprintf_s instead. To disable deprecation, use _CRT_SECURE_NO_WARNINGS. See online help for details.
         D:\MODO\sdk\LXSDK_17_251515\common\lxu_format.cpp(337,9): warning C4996: 'sprintf': This function or variable may be unsafe. Consider using sprintf_s instead. To disable deprecation, use _CRT_SECURE_NO_WARNINGS. See online help for details.
         D:\MODO\sdk\LXSDK_17_251515\common\lxu_format.cpp(339,9): warning C4996: 'sprintf': This function or variable may be unsafe. Consider using sprintf_s instead. To disable deprecation, use _CRT_SECURE_NO_WARNINGS. See online help for details.
         D:\MODO\sdk\LXSDK_17_251515\common\lxu_geometry_triangulation.cpp(125,19): warning C4018: '<': signed/unsigned mismatch
         D:\MODO\sdk\LXSDK_17_251515\common\lxu_geometry_triangulation.cpp(868,19): warning C4018: '<': signed/unsigned mismatch
         D:\MODO\sdk\LXSDK_17_251515\common\lxu_geometry_triangulation.cpp(896,19): warning C4018: '<': signed/unsigned mismatch
         D:\MODO\sdk\LXSDK_17_251515\common\lxu_geometry_triangulation.cpp(970,19): warning C4018: '<': signed/unsigned mismatch
         D:\MODO\sdk\LXSDK_17_251515\common\lxu_geometry_triangulation.cpp(1004,29): warning C4018: '<': signed/unsigned mismatch
         D:\MODO\sdk\LXSDK_17_251515\include\lx_message.hpp(99,3): warning C4996: 'sprintf': This function or variable may be unsafe. Consider using sprintf_s instead. To disable deprecation, use _CRT_SECURE_NO_WARNINGS. See online help for details.
         D:\MODO\sdk\LXSDK_17_251515\include\lx_message.hpp(99,3): warning C4996: 'sprintf': This function or variable may be unsafe. Consider using sprintf_s instead. To disable deprecation, use _CRT_SECURE_NO_WARNINGS. See online help for details.
         D:\MODO\sdk\LXSDK_17_251515\include\lxu_result.hpp(114,3): warning C4996: 'sprintf': This function or variable may be unsafe. Consider using sprintf_s instead. To disable deprecation, use _CRT_SECURE_NO_WARNINGS. See online help for details.
         D:\MODO\sdk\LXSDK_17_251515\include\lx_message.hpp(99,3): warning C4996: 'sprintf': This function or variable may be unsafe. Consider using sprintf_s instead. To disable deprecation, use _CRT_SECURE_NO_WARNINGS. See online help for details.
         D:\MODO\sdk\LXSDK_17_251515\common\lxu_meta.cpp(97,5): warning C4996: 'sprintf': This function or variable may be unsafe. Consider using sprintf_s instead. To disable deprecation, use _CRT_SECURE_NO_WARNINGS. See online help for details.
         D:\MODO\sdk\LXSDK_17_251515\common\lxu_meta.cpp(102,9): warning C4996: 'sprintf': This function or variable may be unsafe. Consider using sprintf_s instead. To disable deprecation, use _CRT_SECURE_NO_WARNINGS. See online help for details.
         D:\MODO\sdk\LXSDK_17_251515\include\lx_message.hpp(99,3): warning C4996: 'sprintf': This function or variable may be unsafe. Consider using sprintf_s instead. To disable deprecation, use _CRT_SECURE_NO_WARNINGS. See online help for details.
         D:\MODO\sdk\LXSDK_17_251515\include\lxu_oqtree.hpp(323,47): warning C4018: '>': signed/unsigned mismatch
         D:\MODO\sdk\LXSDK_17_251515\include\lx_message.hpp(99,3): warning C4996: 'sprintf': This function or variable may be unsafe. Consider using sprintf_s instead. To disable deprecation, use _CRT_SECURE_NO_WARNINGS. See online help for details.
         D:\MODO\sdk\LXSDK_17_251515\common\lxu_package.cpp(378,19): warning C4018: '>=': signed/unsigned mismatch
         D:\MODO\sdk\LXSDK_17_251515\common\lxu_parser.cpp(215,12): warning C4996: 'fopen': This function or variable may be unsafe. Consider using fopen_s instead. To disable deprecation, use _CRT_SECURE_NO_WARNINGS. See online help for details.
         D:\MODO\sdk\LXSDK_17_251515\common\lxu_parser.cpp(368,5): warning C4996: 'strcpy': This function or variable may be unsafe. Consider using strcpy_s instead. To disable deprecation, use _CRT_SECURE_NO_WARNINGS. See online help for details.
         D:\MODO\sdk\LXSDK_17_251515\common\lxu_parser.cpp(513,16): warning C4996: 'fopen': This function or variable may be unsafe. Consider using fopen_s instead. To disable deprecation, use _CRT_SECURE_NO_WARNINGS. See online help for details.
         D:\MODO\sdk\LXSDK_17_251515\include\lx_message.hpp(99,3): warning C4996: 'sprintf': This function or variable may be unsafe. Consider using sprintf_s instead. To disable deprecation, use _CRT_SECURE_NO_WARNINGS. See online help for details.
         D:\MODO\sdk\LXSDK_17_251515\include\lx_message.hpp(99,3): warning C4996: 'sprintf': This function or variable may be unsafe. Consider using sprintf_s instead. To disable deprecation, use _CRT_SECURE_NO_WARNINGS. See online help for details.
         D:\MODO\sdk\LXSDK_17_251515\include\lxu_result.hpp(114,3): warning C4996: 'sprintf': This function or variable may be unsafe. Consider using sprintf_s instead. To disable deprecation, use _CRT_SECURE_NO_WARNINGS. See online help for details.
         D:\MODO\sdk\LXSDK_17_251515\include\lx_message.hpp(99,3): warning C4996: 'sprintf': This function or variable may be unsafe. Consider using sprintf_s instead. To disable deprecation, use _CRT_SECURE_NO_WARNINGS. See online help for details.
         D:\MODO\sdk\LXSDK_17_251515\include\lx_message.hpp(99,3): warning C4996: 'sprintf': This function or variable may be unsafe. Consider using sprintf_s instead. To disable deprecation, use _CRT_SECURE_NO_WARNINGS. See online help for details.
         D:\MODO\sdk\LXSDK_17_251515\common\lxu_rendercontext.cpp(289,42): warning C4018: '<': signed/unsigned mismatch
         D:\MODO\sdk\LXSDK_17_251515\common\lxu_rendercontext.cpp(1357,9): warning C4996: 'sprintf': This function or variable may be unsafe. Consider using sprintf_s instead. To disable deprecation, use _CRT_SECURE_NO_WARNINGS. See online help for details.
         D:\MODO\sdk\LXSDK_17_251515\common\lxu_rendercontext.cpp(1391,9): warning C4996: 'sprintf': This function or variable may be unsafe. Consider using sprintf_s instead. To disable deprecation, use _CRT_SECURE_NO_WARNINGS. See online help for details.
         D:\MODO\sdk\LXSDK_17_251515\common\lxu_rendercontext.cpp(1848,23): warning C4018: '<': signed/unsigned mismatch
         D:\MODO\sdk\LXSDK_17_251515\include\lx_message.hpp(99,3): warning C4996: 'sprintf': This function or variable may be unsafe. Consider using sprintf_s instead. To disable deprecation, use _CRT_SECURE_NO_WARNINGS. See online help for details.
         D:\MODO\sdk\LXSDK_17_251515\common\lxu_scene.cpp(301,5): warning C4996: 'strcpy': This function or variable may be unsafe. Consider using strcpy_s instead. To disable deprecation, use _CRT_SECURE_NO_WARNINGS. See online help for details.
         D:\MODO\sdk\LXSDK_17_251515\common\lxu_scene.cpp(358,5): warning C4996: 'strcpy': This function or variable may be unsafe. Consider using strcpy_s instead. To disable deprecation, use _CRT_SECURE_NO_WARNINGS. See online help for details.
         D:\MODO\sdk\LXSDK_17_251515\common\lxu_scene.cpp(373,12): warning C4996: 'strnicmp': The POSIX name for this item is deprecated. Instead, use the ISO C and C++ conformant name: _strnicmp. See online help for details.
         D:\MODO\sdk\LXSDK_17_251515\common\lxu_scene.cpp(476,9): warning C4996: 'strcpy': This function or variable may be unsafe. Consider using strcpy_s instead. To disable deprecation, use _CRT_SECURE_NO_WARNINGS. See online help for details.
         D:\MODO\sdk\LXSDK_17_251515\common\lxu_scene.cpp(478,9): warning C4996: 'strcpy': This function or variable may be unsafe. Consider using strcpy_s instead. To disable deprecation, use _CRT_SECURE_NO_WARNINGS. See online help for details.
         D:\MODO\sdk\LXSDK_17_251515\common\lxu_scene.cpp(513,5): warning C4996: 'strcpy': This function or variable may be unsafe. Consider using strcpy_s instead. To disable deprecation, use _CRT_SECURE_NO_WARNINGS. See online help for details.
         D:\MODO\sdk\LXSDK_17_251515\common\lxu_scene.cpp(579,5): warning C4996: 'strcpy': This function or variable may be unsafe. Consider using strcpy_s instead. To disable deprecation, use _CRT_SECURE_NO_WARNINGS. See online help for details.
         D:\MODO\sdk\LXSDK_17_251515\common\lxu_scene.cpp(3740,5): warning C4996: 'strcpy': This function or variable may be unsafe. Consider using strcpy_s instead. To disable deprecation, use _CRT_SECURE_NO_WARNINGS. See online help for details.
         D:\MODO\sdk\LXSDK_17_251515\common\lxu_scene.cpp(3763,9): warning C4996: 'strcpy': This function or variable may be unsafe. Consider using strcpy_s instead. To disable deprecation, use _CRT_SECURE_NO_WARNINGS. See online help for details.
         D:\MODO\sdk\LXSDK_17_251515\common\lxu_scene.cpp(3771,5): warning C4996: 'strcpy': This function or variable may be unsafe. Consider using strcpy_s instead. To disable deprecation, use _CRT_SECURE_NO_WARNINGS. See online help for details.
         D:\MODO\sdk\LXSDK_17_251515\common\lxu_scene.cpp(3787,9): warning C4996: 'strcpy': This function or variable may be unsafe. Consider using strcpy_s instead. To disable deprecation, use _CRT_SECURE_NO_WARNINGS. See online help for details.
         D:\MODO\sdk\LXSDK_17_251515\include\lx_message.hpp(99,3): warning C4996: 'sprintf': This function or variable may be unsafe. Consider using sprintf_s instead. To disable deprecation, use _CRT_SECURE_NO_WARNINGS. See online help for details.
         D:\MODO\sdk\LXSDK_17_251515\include\lx_message.hpp(99,3): warning C4996: 'sprintf': This function or variable may be unsafe. Consider using sprintf_s instead. To disable deprecation, use _CRT_SECURE_NO_WARNINGS. See online help for details.
         D:\MODO\sdk\LXSDK_17_251515\include\lx_message.hpp(99,3): warning C4996: 'sprintf': This function or variable may be unsafe. Consider using sprintf_s instead. To disable deprecation, use _CRT_SECURE_NO_WARNINGS. See online help for details.
         D:\MODO\sdk\LXSDK_17_251515\include\lxu_result.hpp(114,3): warning C4996: 'sprintf': This function or variable may be unsafe. Consider using sprintf_s instead. To disable deprecation, use _CRT_SECURE_NO_WARNINGS. See online help for details.
         D:\MODO\sdk\LXSDK_17_251515\include\lx_message.hpp(99,3): warning C4996: 'sprintf': This function or variable may be unsafe. Consider using sprintf_s instead. To disable deprecation, use _CRT_SECURE_NO_WARNINGS. See online help for details.
         D:\MODO\sdk\LXSDK_17_251515\include\lxu_result.hpp(114,3): warning C4996: 'sprintf': This function or variable may be unsafe. Consider using sprintf_s instead. To disable deprecation, use _CRT_SECURE_NO_WARNINGS. See online help for details.
         D:\MODO\sdk\LXSDK_17_251515\common\lxu_vectorarray.cpp(276,23): warning C4018: '<': signed/unsigned mismatch
         D:\MODO\sdk\LXSDK_17_251515\common\lxu_vectorarray.cpp(286,23): warning C4018: '<': signed/unsigned mismatch
         D:\MODO\sdk\LXSDK_17_251515\include\lx_message.hpp(99,3): warning C4996: 'sprintf': This function or variable may be unsafe. Consider using sprintf_s instead. To disable deprecation, use _CRT_SECURE_NO_WARNINGS. See online help for details.
         D:\MODO\sdk\LXSDK_17_251515\common\util.cpp(187,9): warning C4996: 'strcpy': This function or variable may be unsafe. Consider using strcpy_s instead. To disable deprecation, use _CRT_SECURE_NO_WARNINGS. See online help for details.
         D:\MODO\sdk\LXSDK_17_251515\common\util.cpp(192,9): warning C4996: 'strncpy': This function or variable may be unsafe. Consider using strncpy_s instead. To disable deprecation, use _CRT_SECURE_NO_WARNINGS. See online help for details.
         D:\MODO\sdk\LXSDK_17_251515\common\util.cpp(214,5): warning C4996: 'sprintf': This function or variable may be unsafe. Consider using sprintf_s instead. To disable deprecation, use _CRT_SECURE_NO_WARNINGS. See online help for details.
         D:\MODO\sdk\LXSDK_17_251515\common\util.cpp(223,5): warning C4996: 'sprintf': This function or variable may be unsafe. Consider using sprintf_s instead. To disable deprecation, use _CRT_SECURE_NO_WARNINGS. See online help for details.

    76 Warning(s)
    0 Error(s)

Time Elapsed 00:00:28.41
