Build started 30/11/2024 8:11:13 pm.
Logging verbosity is set to: Normal.     1>Project "D:\MODO\sdk\LXSDK_17_251515\file_io_scene_objio.vcxproj" on node 2 (Build target(s)).
     1>PrepareForBuild:
         Structured output is enabled. The formatting of compiler diagnostics will reflect the error hierarchy. See https://aka.ms/cpp/structured-output for more details.
       InitializeBuildStatus:
         Touching "D:\MODO\sdk\LXSDK_17_251515\build\Release\file_io_scene_objio\file_io_.98502B55.tlog\unsuccessfulbuild".
       ComputeStdModulesCompileInputs:
         Reading library manifest file 'D:\VisualStudio\2022\Community\VC\Tools\MSVC\14.42.34433\modules\modules.json' which provides data for library 'microsoft/STL'.
         Adding module source 'D:\VisualStudio\2022\Community\VC\Tools\MSVC\14.42.34433\modules\std.ixx' from library 'microsoft/STL' to be built with this project.
         Adding module source 'D:\VisualStudio\2022\Community\VC\Tools\MSVC\14.42.34433\modules\std.compat.ixx' from library 'microsoft/STL' to be built with this project.
       VcpkgTripletSelection:
         Using triplet "x64-windows" from "D:\GitHub\vcpkg\installed\x64-windows\"
         Using normalized configuration "Release"
       ClCompile:
         D:\VisualStudio\2022\Community\VC\Tools\MSVC\14.42.34433\bin\HostX64\x64\CL.exe /c /ID:\MODO\sdk\LXSDK_17_251515\include\ /I"D:\GitHub\vcpkg\installed\x64-windows\include" /Zi /nologo /W3 /WX- /diagnostics:column /O2 /Oi /GL /D NDEBUG /D _CONSOLE /D _WINDLL /D _UNICODE /D UNICODE /Gm- /EHsc /MD /GS /Gy /fp:precise /Zc:wchar_t /Zc:forScope /Zc:inline /std:c++latest /permissive- /Fo"D:\MODO\sdk\LXSDK_17_251515\build\Release\file_io_scene_objio\\" /Fd"D:\MODO\sdk\LXSDK_17_251515\build\Release\file_io_scene_objio\vc143.pdb" /external:W3 /Gd /TP /FC /errorReport:prompt D:\MODO\sdk\LXSDK_17_251515\samples\file_io\scene_objio\objio.cxx D:\MODO\sdk\LXSDK_17_251515\samples\file_io\scene_objio\objpb.cxx D:\MODO\sdk\LXSDK_17_251515\samples\file_io\scene_objio\options.cxx
         objio.cxx
     1>D:\MODO\sdk\LXSDK_17_251515\include\lx_message.hpp(99,3): warning C4996: 'sprintf': This function or variable may be unsafe. Consider using sprintf_s instead. To disable deprecation, use _CRT_SECURE_NO_WARNINGS. See online help for details.
         (compiling source file 'samples/file_io/scene_objio/objio.cxx')
         
     1>D:\MODO\sdk\LXSDK_17_251515\samples\file_io\scene_objio\objio.cxx(135,36): warning C4018: '<': signed/unsigned mismatch
     1>D:\MODO\sdk\LXSDK_17_251515\samples\file_io\scene_objio\objio.cxx(994,23): warning C4018: '<': signed/unsigned mismatch
     1>D:\MODO\sdk\LXSDK_17_251515\samples\file_io\scene_objio\lineCommandParser.hxx(89,17): warning C4996: 'stricmp': The POSIX name for this item is deprecated. Instead, use the ISO C and C++ conformant name: _stricmp. See online help for details.
         (compiling source file 'samples/file_io/scene_objio/objio.cxx')
             D:\MODO\sdk\LXSDK_17_251515\samples\file_io\scene_objio\lineCommandParser.hxx(89,17):
             the template instantiation context (the oldest one first) is
                 D:\MODO\sdk\LXSDK_17_251515\samples\file_io\scene_objio\objio.cxx(63,27):
                 see reference to class template instantiation 'CLineCommandParser<MTLCommand>' being compiled
                 D:\MODO\sdk\LXSDK_17_251515\samples\file_io\scene_objio\lineCommandParser.hxx(84,7):
                 while compiling class template member function 'T CLineCommandParser<T>::Command(void)'
                 with
                 [
                     T=MTLCommand
                 ]
                     D:\MODO\sdk\LXSDK_17_251515\samples\file_io\scene_objio\objio.cxx(181,13):
                     see the first reference to 'CLineCommandParser<MTLCommand>::Command' in 'CMTLParser::Load'
         
         objpb.cxx
     1>D:\MODO\sdk\LXSDK_17_251515\include\lx_message.hpp(99,3): warning C4996: 'sprintf': This function or variable may be unsafe. Consider using sprintf_s instead. To disable deprecation, use _CRT_SECURE_NO_WARNINGS. See online help for details.
         (compiling source file 'samples/file_io/scene_objio/objpb.cxx')
         
         options.cxx
     1>D:\MODO\sdk\LXSDK_17_251515\include\lx_message.hpp(99,3): warning C4996: 'sprintf': This function or variable may be unsafe. Consider using sprintf_s instead. To disable deprecation, use _CRT_SECURE_NO_WARNINGS. See online help for details.
         (compiling source file 'samples/file_io/scene_objio/options.cxx')
         
     1>D:\MODO\sdk\LXSDK_17_251515\samples\file_io\scene_objio\lineCommandParser.hxx(89,17): warning C4996: 'stricmp': The POSIX name for this item is deprecated. Instead, use the ISO C and C++ conformant name: _stricmp. See online help for details.
         (compiling source file 'samples/file_io/scene_objio/options.cxx')
             D:\MODO\sdk\LXSDK_17_251515\samples\file_io\scene_objio\lineCommandParser.hxx(89,17):
             the template instantiation context (the oldest one first) is
                 D:\MODO\sdk\LXSDK_17_251515\samples\file_io\scene_objio\objParser.hxx(32,27):
                 see reference to class template instantiation 'CLineCommandParser<OBJCommand>' being compiled
                 D:\MODO\sdk\LXSDK_17_251515\samples\file_io\scene_objio\lineCommandParser.hxx(84,7):
                 while compiling class template member function 'T CLineCommandParser<T>::Command(void)'
                 with
                 [
                     T=OBJCommand
                 ]
                     D:\MODO\sdk\LXSDK_17_251515\samples\file_io\scene_objio\options.cxx(148,13):
                     see the first reference to 'CLineCommandParser<OBJCommand>::Command' in 'OBJ_Options::Recognize'
         
       Link:
         D:\VisualStudio\2022\Community\VC\Tools\MSVC\14.42.34433\bin\HostX64\x64\link.exe /ERRORREPORT:PROMPT /OUT:"D:\MODO\sdk\LXSDK_17_251515\build\Release\file_io_scene_objio\file_io_scene_objio.lx" /NOLOGO /LIBPATH:D:\MODO\sdk\LXSDK_17_251515\build\Release\Lib\ /LIBPATH:"D:\GitHub\vcpkg\installed\x64-windows\lib" /LIBPATH:"D:\GitHub\vcpkg\installed\x64-windows\lib\manual-link" lxsdk.lib "D:\GitHub\vcpkg\installed\x64-windows\lib\*.lib" /MANIFEST /MANIFESTUAC:"level='asInvoker' uiAccess='false'" /manifest:embed /DEBUG /PDB:"D:\MODO\sdk\LXSDK_17_251515\build\Release\file_io_scene_objio\file_io_scene_objio.pdb" /SUBSYSTEM:CONSOLE /OPT:REF /OPT:ICF /LTCG:incremental /LTCGOUT:"D:\MODO\sdk\LXSDK_17_251515\build\Release\file_io_scene_objio\file_io_scene_objio.iobj" /TLBID:1 /DYNAMICBASE /NXCOMPAT /IMPLIB:"D:\MODO\sdk\LXSDK_17_251515\build\Release\file_io_scene_objio\file_io_scene_objio.lib" /MACHINE:X64 /DLL D:\MODO\sdk\LXSDK_17_251515\build\Release\file_io_scene_objio\objio.obj
         D:\MODO\sdk\LXSDK_17_251515\build\Release\file_io_scene_objio\objpb.obj
         D:\MODO\sdk\LXSDK_17_251515\build\Release\file_io_scene_objio\options.obj
            Creating library D:\MODO\sdk\LXSDK_17_251515\build\Release\file_io_scene_objio\file_io_scene_objio.lib and object D:\MODO\sdk\LXSDK_17_251515\build\Release\file_io_scene_objio\file_io_scene_objio.exp
         Generating code
         Previous IPDB not found, fall back to full compilation.
         All 5143 functions were compiled because no usable IPDB/IOBJ from previous compilation was found.
         Finished generating code
         file_io_scene_objio.vcxproj -> D:\MODO\sdk\LXSDK_17_251515\build\Release\file_io_scene_objio\file_io_scene_objio.lx
       AppLocalFromInstalled:
         pwsh.exe -ExecutionPolicy Bypass -noprofile -File "D:\GitHub\vcpkg\scripts\buildsystems\msbuild\applocal.ps1" "D:\MODO\sdk\LXSDK_17_251515\build\Release\file_io_scene_objio\file_io_scene_objio.lx" "D:\GitHub\vcpkg\installed\x64-windows\bin" "D:\MODO\sdk\LXSDK_17_251515\build\Release\file_io_scene_objio\file_io_.98502B55.tlog\file_io_scene_objio.write.1u.tlog" "D:\MODO\sdk\LXSDK_17_251515\build\Release\file_io_scene_objio\vcpkg.applocal.log"
         'pwsh.exe' is not recognized as an internal or external command,
         operable program or batch file.
         The command "pwsh.exe -ExecutionPolicy Bypass -noprofile -File "D:\GitHub\vcpkg\scripts\buildsystems\msbuild\applocal.ps1" "D:\MODO\sdk\LXSDK_17_251515\build\Release\file_io_scene_objio\file_io_scene_objio.lx" "D:\GitHub\vcpkg\installed\x64-windows\bin" "D:\MODO\sdk\LXSDK_17_251515\build\Release\file_io_scene_objio\file_io_.98502B55.tlog\file_io_scene_objio.write.1u.tlog" "D:\MODO\sdk\LXSDK_17_251515\build\Release\file_io_scene_objio\vcpkg.applocal.log"" exited with code 9009.
         "C:\WINDOWS\System32\WindowsPowerShell\v1.0\powershell.exe" -ExecutionPolicy Bypass -noprofile -File "D:\GitHub\vcpkg\scripts\buildsystems\msbuild\applocal.ps1" "D:\MODO\sdk\LXSDK_17_251515\build\Release\file_io_scene_objio\file_io_scene_objio.lx" "D:\GitHub\vcpkg\installed\x64-windows\bin" "D:\MODO\sdk\LXSDK_17_251515\build\Release\file_io_scene_objio\file_io_.98502B55.tlog\file_io_scene_objio.write.1u.tlog" "D:\MODO\sdk\LXSDK_17_251515\build\Release\file_io_scene_objio\vcpkg.applocal.log"
       PostBuildEvent:
         xcopy "D:\MODO\sdk\LXSDK_17_251515\build\Release\file_io_scene_objio\file_io_scene_objio.lx" "D:\MODO\sdk\LXSDK_17_251515\build\Release\lx\" /F /Y
         :VCEnd
         D:\MODO\sdk\LXSDK_17_251515\build\Release\file_io_scene_objio\file_io_scene_objio.lx -> D:\MODO\sdk\LXSDK_17_251515\build\Release\lx\file_io_scene_objio.lx
         1 File(s) copied
       FinalizeBuildStatus:
         Deleting file "D:\MODO\sdk\LXSDK_17_251515\build\Release\file_io_scene_objio\file_io_.98502B55.tlog\unsuccessfulbuild".
         Touching "D:\MODO\sdk\LXSDK_17_251515\build\Release\file_io_scene_objio\file_io_.98502B55.tlog\file_io_scene_objio.lastbuildstate".
     1>Done Building Project "D:\MODO\sdk\LXSDK_17_251515\file_io_scene_objio.vcxproj" (Build target(s)).

Build succeeded.

       "D:\MODO\sdk\LXSDK_17_251515\file_io_scene_objio.vcxproj" (Build target) (1) ->
       (ClCompile target) -> 
         D:\MODO\sdk\LXSDK_17_251515\include\lx_message.hpp(99,3): warning C4996: 'sprintf': This function or variable may be unsafe. Consider using sprintf_s instead. To disable deprecation, use _CRT_SECURE_NO_WARNINGS. See online help for details.
         D:\MODO\sdk\LXSDK_17_251515\samples\file_io\scene_objio\objio.cxx(135,36): warning C4018: '<': signed/unsigned mismatch
         D:\MODO\sdk\LXSDK_17_251515\samples\file_io\scene_objio\objio.cxx(994,23): warning C4018: '<': signed/unsigned mismatch
         D:\MODO\sdk\LXSDK_17_251515\samples\file_io\scene_objio\lineCommandParser.hxx(89,17): warning C4996: 'stricmp': The POSIX name for this item is deprecated. Instead, use the ISO C and C++ conformant name: _stricmp. See online help for details.
         D:\MODO\sdk\LXSDK_17_251515\include\lx_message.hpp(99,3): warning C4996: 'sprintf': This function or variable may be unsafe. Consider using sprintf_s instead. To disable deprecation, use _CRT_SECURE_NO_WARNINGS. See online help for details.
         D:\MODO\sdk\LXSDK_17_251515\include\lx_message.hpp(99,3): warning C4996: 'sprintf': This function or variable may be unsafe. Consider using sprintf_s instead. To disable deprecation, use _CRT_SECURE_NO_WARNINGS. See online help for details.
         D:\MODO\sdk\LXSDK_17_251515\samples\file_io\scene_objio\lineCommandParser.hxx(89,17): warning C4996: 'stricmp': The POSIX name for this item is deprecated. Instead, use the ISO C and C++ conformant name: _stricmp. See online help for details.

    7 Warning(s)
    0 Error(s)

Time Elapsed 00:00:05.07
