Build started 30/11/2024 8:24:52 pm.
Logging verbosity is set to: Normal.     1>Project "D:\MODO\sdk\LXSDK_17_251515\item_type_falloff_box.vcxproj" on node 2 (Build target(s)).
     1>PrepareForBuild:
         Structured output is enabled. The formatting of compiler diagnostics will reflect the error hierarchy. See https://aka.ms/cpp/structured-output for more details.
         Creating directory "D:\MODO\sdk\LXSDK_17_251515\build\Debug\item_type_falloff_box\item_typ.05812EE9.tlog\".
       InitializeBuildStatus:
         Creating "D:\MODO\sdk\LXSDK_17_251515\build\Debug\item_type_falloff_box\item_typ.05812EE9.tlog\unsuccessfulbuild" because "AlwaysCreate" was specified.
         Touching "D:\MODO\sdk\LXSDK_17_251515\build\Debug\item_type_falloff_box\item_typ.05812EE9.tlog\unsuccessfulbuild".
       ComputeStdModulesCompileInputs:
         Reading library manifest file 'D:\VisualStudio\2022\Community\VC\Tools\MSVC\14.42.34433\modules\modules.json' which provides data for library 'microsoft/STL'.
         Adding module source 'D:\VisualStudio\2022\Community\VC\Tools\MSVC\14.42.34433\modules\std.ixx' from library 'microsoft/STL' to be built with this project.
         Adding module source 'D:\VisualStudio\2022\Community\VC\Tools\MSVC\14.42.34433\modules\std.compat.ixx' from library 'microsoft/STL' to be built with this project.
       SetModuleDependencies:
         Creating directory "D:\MODO\sdk\LXSDK_17_251515\build\Debug\item_type_falloff_box\item_typ.05812EE9_MD.tlog\".
       VcpkgTripletSelection:
         Using triplet "x64-windows" from "D:\GitHub\vcpkg\installed\x64-windows\"
         Using normalized configuration "Debug"
       ClCompile:
         D:\VisualStudio\2022\Community\VC\Tools\MSVC\14.42.34433\bin\HostX64\x64\CL.exe /c /ID:\MODO\sdk\LXSDK_17_251515\include\ /I"D:\GitHub\vcpkg\installed\x64-windows\include" /ZI /JMC /nologo /W3 /WX- /diagnostics:column /Od /Oi /D _DEBUG /D _CONSOLE /D _WINDLL /D _UNICODE /D UNICODE /Gm- /EHsc /RTC1 /MDd /GS /fp:precise /Zc:wchar_t /Zc:forScope /Zc:inline /std:c++latest /permissive- /Fo"D:\MODO\sdk\LXSDK_17_251515\build\Debug\item_type_falloff_box\\" /Fd"D:\MODO\sdk\LXSDK_17_251515\build\Debug\item_type_falloff_box\vc143.pdb" /external:W3 /Gd /TP /FC /errorReport:prompt D:\MODO\sdk\LXSDK_17_251515\samples\item_type\falloff_box\cc_falloff_box.cpp
         cc_falloff_box.cpp
     1>D:\MODO\sdk\LXSDK_17_251515\include\lx_message.hpp(99,3): warning C4996: 'sprintf': This function or variable may be unsafe. Consider using sprintf_s instead. To disable deprecation, use _CRT_SECURE_NO_WARNINGS. See online help for details.
         (compiling source file 'samples/item_type/falloff_box/cc_falloff_box.cpp')
         
     1>D:\MODO\sdk\LXSDK_17_251515\samples\item_type\falloff_box\cc_falloff_box.cpp(89,28): warning C4244: 'return': conversion from 'double' to 'float', possible loss of data
     1>D:\MODO\sdk\LXSDK_17_251515\include\lxu_deform.hpp(124,21): warning C4018: '<': signed/unsigned mismatch
         (compiling source file 'samples/item_type/falloff_box/cc_falloff_box.cpp')
             D:\MODO\sdk\LXSDK_17_251515\include\lxu_deform.hpp(124,21):
             the template instantiation context (the oldest one first) is
                 D:\MODO\sdk\LXSDK_17_251515\samples\item_type\falloff_box\cc_falloff_box.cpp(177,56):
                 see reference to class template instantiation 'CLxMeta_Falloff<FalloffBox::CFalloff>' being compiled
                 D:\MODO\sdk\LXSDK_17_251515\include\lxu_deform.hpp(422,2):
                 while compiling class template member function 'void *CLxMeta_Falloff<FalloffBox::CFalloff>::cast_raw(ILxUnknownID)'
                 D:\MODO\sdk\LXSDK_17_251515\include\lxu_deform.hpp(326,8):
                 while compiling class 'CLxMeta_Falloff<FalloffBox::CFalloff>::cFalloff_World'
                 D:\MODO\sdk\LXSDK_17_251515\include\lxu_deform.hpp(336,12):
                 while compiling class template member function 'LxResult CLxMeta_Falloff<FalloffBox::CFalloff>::cFalloff_World::vf_run(const float **,const LXtPointID *,const LXtPolygonID *,float *,unsigned int)'
                 D:\MODO\sdk\LXSDK_17_251515\include\lxu_deform.hpp(348,15):
                 see reference to function template instantiation 'LxResult lx::WeightRun<CLxMeta_Falloff<FalloffBox::CFalloff>::cRunner_World>(T *,const float **,const LXtPointID *,const LXtPolygonID *,float *,unsigned int)' being compiled
                 with
                 [
                     T=CLxMeta_Falloff<FalloffBox::CFalloff>::cRunner_World
                 ]
         
       Link:
         D:\VisualStudio\2022\Community\VC\Tools\MSVC\14.42.34433\bin\HostX64\x64\link.exe /ERRORREPORT:PROMPT /OUT:"D:\MODO\sdk\LXSDK_17_251515\build\Debug\item_type_falloff_box\item_type_falloff_box.lx" /INCREMENTAL /ILK:"D:\MODO\sdk\LXSDK_17_251515\build\Debug\item_type_falloff_box\item_type_falloff_box.ilk" /NOLOGO /LIBPATH:D:\MODO\sdk\LXSDK_17_251515\build\Debug\Lib\ /LIBPATH:"D:\GitHub\vcpkg\installed\x64-windows\debug\lib" /LIBPATH:"D:\GitHub\vcpkg\installed\x64-windows\debug\lib\manual-link" lxsdk.lib "D:\GitHub\vcpkg\installed\x64-windows\debug\lib\*.lib" /MANIFEST /MANIFESTUAC:"level='asInvoker' uiAccess='false'" /manifest:embed /DEBUG /PDB:"D:\MODO\sdk\LXSDK_17_251515\build\Debug\item_type_falloff_box\item_type_falloff_box.pdb" /SUBSYSTEM:CONSOLE /TLBID:1 /DYNAMICBASE /NXCOMPAT /IMPLIB:"D:\MODO\sdk\LXSDK_17_251515\build\Debug\item_type_falloff_box\item_type_falloff_box.lib" /MACHINE:X64 /DLL D:\MODO\sdk\LXSDK_17_251515\build\Debug\item_type_falloff_box\cc_falloff_box.obj
            Creating library D:\MODO\sdk\LXSDK_17_251515\build\Debug\item_type_falloff_box\item_type_falloff_box.lib and object D:\MODO\sdk\LXSDK_17_251515\build\Debug\item_type_falloff_box\item_type_falloff_box.exp
         item_type_falloff_box.vcxproj -> D:\MODO\sdk\LXSDK_17_251515\build\Debug\item_type_falloff_box\item_type_falloff_box.lx
       AppLocalFromInstalled:
         pwsh.exe -ExecutionPolicy Bypass -noprofile -File "D:\GitHub\vcpkg\scripts\buildsystems\msbuild\applocal.ps1" "D:\MODO\sdk\LXSDK_17_251515\build\Debug\item_type_falloff_box\item_type_falloff_box.lx" "D:\GitHub\vcpkg\installed\x64-windows\debug\bin" "D:\MODO\sdk\LXSDK_17_251515\build\Debug\item_type_falloff_box\item_typ.05812EE9.tlog\item_type_falloff_box.write.1u.tlog" "D:\MODO\sdk\LXSDK_17_251515\build\Debug\item_type_falloff_box\vcpkg.applocal.log"
         'pwsh.exe' is not recognized as an internal or external command,
         operable program or batch file.
         The command "pwsh.exe -ExecutionPolicy Bypass -noprofile -File "D:\GitHub\vcpkg\scripts\buildsystems\msbuild\applocal.ps1" "D:\MODO\sdk\LXSDK_17_251515\build\Debug\item_type_falloff_box\item_type_falloff_box.lx" "D:\GitHub\vcpkg\installed\x64-windows\debug\bin" "D:\MODO\sdk\LXSDK_17_251515\build\Debug\item_type_falloff_box\item_typ.05812EE9.tlog\item_type_falloff_box.write.1u.tlog" "D:\MODO\sdk\LXSDK_17_251515\build\Debug\item_type_falloff_box\vcpkg.applocal.log"" exited with code 9009.
         "C:\WINDOWS\System32\WindowsPowerShell\v1.0\powershell.exe" -ExecutionPolicy Bypass -noprofile -File "D:\GitHub\vcpkg\scripts\buildsystems\msbuild\applocal.ps1" "D:\MODO\sdk\LXSDK_17_251515\build\Debug\item_type_falloff_box\item_type_falloff_box.lx" "D:\GitHub\vcpkg\installed\x64-windows\debug\bin" "D:\MODO\sdk\LXSDK_17_251515\build\Debug\item_type_falloff_box\item_typ.05812EE9.tlog\item_type_falloff_box.write.1u.tlog" "D:\MODO\sdk\LXSDK_17_251515\build\Debug\item_type_falloff_box\vcpkg.applocal.log"
       PostBuildEvent:
         xcopy "D:\MODO\sdk\LXSDK_17_251515\build\Debug\item_type_falloff_box\item_type_falloff_box.lx" "D:\MODO\sdk\LXSDK_17_251515\build\Debug\lx\" /F /Y
         :VCEnd
         D:\MODO\sdk\LXSDK_17_251515\build\Debug\item_type_falloff_box\item_type_falloff_box.lx -> D:\MODO\sdk\LXSDK_17_251515\build\Debug\lx\item_type_falloff_box.lx
         1 File(s) copied
       FinalizeBuildStatus:
         Deleting file "D:\MODO\sdk\LXSDK_17_251515\build\Debug\item_type_falloff_box\item_typ.05812EE9.tlog\unsuccessfulbuild".
         Touching "D:\MODO\sdk\LXSDK_17_251515\build\Debug\item_type_falloff_box\item_typ.05812EE9.tlog\item_type_falloff_box.lastbuildstate".
     1>Done Building Project "D:\MODO\sdk\LXSDK_17_251515\item_type_falloff_box.vcxproj" (Build target(s)).

Build succeeded.

       "D:\MODO\sdk\LXSDK_17_251515\item_type_falloff_box.vcxproj" (Build target) (1) ->
       (ClCompile target) -> 
         D:\MODO\sdk\LXSDK_17_251515\include\lx_message.hpp(99,3): warning C4996: 'sprintf': This function or variable may be unsafe. Consider using sprintf_s instead. To disable deprecation, use _CRT_SECURE_NO_WARNINGS. See online help for details.
         D:\MODO\sdk\LXSDK_17_251515\samples\item_type\falloff_box\cc_falloff_box.cpp(89,28): warning C4244: 'return': conversion from 'double' to 'float', possible loss of data
         D:\MODO\sdk\LXSDK_17_251515\include\lxu_deform.hpp(124,21): warning C4018: '<': signed/unsigned mismatch

    3 Warning(s)
    0 Error(s)

Time Elapsed 00:00:01.66
