Build started 1/12/2024 8:52:18 am.
Logging verbosity is set to: Normal.     1>Project "D:\MODO\sdk\LXSDK_17_251515\samples\package\package_drawover_pass.vcxproj" on node 2 (Build target(s)).
     1>PrepareForBuild:
         Structured output is enabled. The formatting of compiler diagnostics will reflect the error hierarchy. See https://aka.ms/cpp/structured-output for more details.
       InitializeBuildStatus:
         Touching "D:\MODO\sdk\LXSDK_17_251515\build\Release\package_drawover_pass\package_.EDD8C994.tlog\unsuccessfulbuild".
       ComputeStdModulesCompileInputs:
         Reading library manifest file 'D:\VisualStudio\2022\Community\VC\Tools\MSVC\14.42.34433\modules\modules.json' which provides data for library 'microsoft/STL'.
         Adding module source 'D:\VisualStudio\2022\Community\VC\Tools\MSVC\14.42.34433\modules\std.ixx' from library 'microsoft/STL' to be built with this project.
         Adding module source 'D:\VisualStudio\2022\Community\VC\Tools\MSVC\14.42.34433\modules\std.compat.ixx' from library 'microsoft/STL' to be built with this project.
       VcpkgTripletSelection:
         Using triplet "x64-windows" from "D:\GitHub\vcpkg\installed\x64-windows\"
         Using normalized configuration "Release"
       ClCompile:
         D:\VisualStudio\2022\Community\VC\Tools\MSVC\14.42.34433\bin\HostX64\x64\CL.exe /c /ID:\MODO\sdk\LXSDK_17_251515\include\ /I"D:\GitHub\vcpkg\installed\x64-windows\include" /Zi /nologo /W3 /WX- /diagnostics:column /O2 /Oi /GL /D NDEBUG /D _CONSOLE /D _WINDLL /D _UNICODE /D UNICODE /Gm- /EHsc /MD /GS /Gy /fp:precise /Zc:wchar_t /Zc:forScope /Zc:inline /std:c++latest /permissive- /Fo"D:\MODO\sdk\LXSDK_17_251515\build\Release\package_drawover_pass\\" /Fd"D:\MODO\sdk\LXSDK_17_251515\build\Release\package_drawover_pass\vc143.pdb" /external:W3 /Gd /TP /FC /errorReport:prompt D:\MODO\sdk\LXSDK_17_251515\samples\package\drawover_pass\cc_drawover_pass.cpp
         cc_drawover_pass.cpp
     1>D:\MODO\sdk\LXSDK_17_251515\include\lx_message.hpp(99,3): warning C4996: 'sprintf': This function or variable may be unsafe. Consider using sprintf_s instead. To disable deprecation, use _CRT_SECURE_NO_WARNINGS. See online help for details.
         (compiling source file 'drawover_pass/cc_drawover_pass.cpp')
         
       Link:
         D:\VisualStudio\2022\Community\VC\Tools\MSVC\14.42.34433\bin\HostX64\x64\link.exe /ERRORREPORT:PROMPT /OUT:"D:\MODO\sdk\LXSDK_17_251515\build\Release\package_drawover_pass\package_drawover_pass.lx" /NOLOGO /LIBPATH:D:\MODO\sdk\LXSDK_17_251515\build\Release\Lib\ /LIBPATH:"D:\GitHub\vcpkg\installed\x64-windows\lib" /LIBPATH:"D:\GitHub\vcpkg\installed\x64-windows\lib\manual-link" lxsdk.lib "D:\GitHub\vcpkg\installed\x64-windows\lib\*.lib" /MANIFEST /MANIFESTUAC:"level='asInvoker' uiAccess='false'" /manifest:embed /DEBUG /PDB:"D:\MODO\sdk\LXSDK_17_251515\build\Release\package_drawover_pass\package_drawover_pass.pdb" /SUBSYSTEM:CONSOLE /OPT:REF /OPT:ICF /LTCG:incremental /LTCGOUT:"D:\MODO\sdk\LXSDK_17_251515\build\Release\package_drawover_pass\package_drawover_pass.iobj" /TLBID:1 /DYNAMICBASE /NXCOMPAT /IMPLIB:"D:\MODO\sdk\LXSDK_17_251515\build\Release\package_drawover_pass\package_drawover_pass.lib" /MACHINE:X64 /DLL D:\MODO\sdk\LXSDK_17_251515\build\Release\package_drawover_pass\cc_drawover_pass.obj
            Creating library D:\MODO\sdk\LXSDK_17_251515\build\Release\package_drawover_pass\package_drawover_pass.lib and object D:\MODO\sdk\LXSDK_17_251515\build\Release\package_drawover_pass\package_drawover_pass.exp
         Generating code
         Previous IPDB not found, fall back to full compilation.
         All 1783 functions were compiled because no usable IPDB/IOBJ from previous compilation was found.
         Finished generating code
         package_drawover_pass.vcxproj -> D:\MODO\sdk\LXSDK_17_251515\build\Release\package_drawover_pass\package_drawover_pass.lx
       AppLocalFromInstalled:
         pwsh.exe -ExecutionPolicy Bypass -noprofile -File "D:\GitHub\vcpkg\scripts\buildsystems\msbuild\applocal.ps1" "D:\MODO\sdk\LXSDK_17_251515\build\Release\package_drawover_pass\package_drawover_pass.lx" "D:\GitHub\vcpkg\installed\x64-windows\bin" "D:\MODO\sdk\LXSDK_17_251515\build\Release\package_drawover_pass\package_.EDD8C994.tlog\package_drawover_pass.write.1u.tlog" "D:\MODO\sdk\LXSDK_17_251515\build\Release\package_drawover_pass\vcpkg.applocal.log"
         'pwsh.exe' is not recognized as an internal or external command,
         operable program or batch file.
         The command "pwsh.exe -ExecutionPolicy Bypass -noprofile -File "D:\GitHub\vcpkg\scripts\buildsystems\msbuild\applocal.ps1" "D:\MODO\sdk\LXSDK_17_251515\build\Release\package_drawover_pass\package_drawover_pass.lx" "D:\GitHub\vcpkg\installed\x64-windows\bin" "D:\MODO\sdk\LXSDK_17_251515\build\Release\package_drawover_pass\package_.EDD8C994.tlog\package_drawover_pass.write.1u.tlog" "D:\MODO\sdk\LXSDK_17_251515\build\Release\package_drawover_pass\vcpkg.applocal.log"" exited with code 9009.
         "C:\WINDOWS\System32\WindowsPowerShell\v1.0\powershell.exe" -ExecutionPolicy Bypass -noprofile -File "D:\GitHub\vcpkg\scripts\buildsystems\msbuild\applocal.ps1" "D:\MODO\sdk\LXSDK_17_251515\build\Release\package_drawover_pass\package_drawover_pass.lx" "D:\GitHub\vcpkg\installed\x64-windows\bin" "D:\MODO\sdk\LXSDK_17_251515\build\Release\package_drawover_pass\package_.EDD8C994.tlog\package_drawover_pass.write.1u.tlog" "D:\MODO\sdk\LXSDK_17_251515\build\Release\package_drawover_pass\vcpkg.applocal.log"
         D:\MODO\sdk\LXSDK_17_251515\build\Release\package_drawover_pass\glew32.dll
       PostBuildEvent:
         xcopy "D:\MODO\sdk\LXSDK_17_251515\build\Release\package_drawover_pass\package_drawover_pass.lx" "D:\MODO\sdk\LXSDK_17_251515\build\Release\lx\" /F /Y
         :VCEnd
         D:\MODO\sdk\LXSDK_17_251515\build\Release\package_drawover_pass\package_drawover_pass.lx -> D:\MODO\sdk\LXSDK_17_251515\build\Release\lx\package_drawover_pass.lx
         1 File(s) copied
       FinalizeBuildStatus:
         Deleting file "D:\MODO\sdk\LXSDK_17_251515\build\Release\package_drawover_pass\package_.EDD8C994.tlog\unsuccessfulbuild".
         Touching "D:\MODO\sdk\LXSDK_17_251515\build\Release\package_drawover_pass\package_.EDD8C994.tlog\package_drawover_pass.lastbuildstate".
     1>Done Building Project "D:\MODO\sdk\LXSDK_17_251515\samples\package\package_drawover_pass.vcxproj" (Build target(s)).

Build succeeded.

       "D:\MODO\sdk\LXSDK_17_251515\samples\package\package_drawover_pass.vcxproj" (Build target) (1) ->
       (ClCompile target) -> 
         D:\MODO\sdk\LXSDK_17_251515\include\lx_message.hpp(99,3): warning C4996: 'sprintf': This function or variable may be unsafe. Consider using sprintf_s instead. To disable deprecation, use _CRT_SECURE_NO_WARNINGS. See online help for details.

    1 Warning(s)
    0 Error(s)

Time Elapsed 00:00:03.07
