Build started 30/11/2024 7:37:51 pm.
Logging verbosity is set to: Normal.     1>Project "D:\MODO\sdk\LXSDK_17_251515\file_io_image_basicload.vcxproj" on node 2 (Build target(s)).
     1>PrepareForBuild:
         Structured output is enabled. The formatting of compiler diagnostics will reflect the error hierarchy. See https://aka.ms/cpp/structured-output for more details.
         Creating directory "D:\MODO\sdk\LXSDK_17_251515\build\Debug\file_io_image_basicload\file_io_.6E1911DB.tlog\".
       InitializeBuildStatus:
         Creating "D:\MODO\sdk\LXSDK_17_251515\build\Debug\file_io_image_basicload\file_io_.6E1911DB.tlog\unsuccessfulbuild" because "AlwaysCreate" was specified.
         Touching "D:\MODO\sdk\LXSDK_17_251515\build\Debug\file_io_image_basicload\file_io_.6E1911DB.tlog\unsuccessfulbuild".
       ComputeStdModulesCompileInputs:
         Reading library manifest file 'D:\VisualStudio\2022\Community\VC\Tools\MSVC\14.42.34433\modules\modules.json' which provides data for library 'microsoft/STL'.
         Adding module source 'D:\VisualStudio\2022\Community\VC\Tools\MSVC\14.42.34433\modules\std.ixx' from library 'microsoft/STL' to be built with this project.
         Adding module source 'D:\VisualStudio\2022\Community\VC\Tools\MSVC\14.42.34433\modules\std.compat.ixx' from library 'microsoft/STL' to be built with this project.
       MakeDirsForCl:
         Creating directory "D:\MODO\sdk\LXSDK_17_251515\build\Debug\file_io_image_basicload\microsoft\STL".
       SetModuleDependencies:
         Creating directory "D:\MODO\sdk\LXSDK_17_251515\build\Debug\file_io_image_basicload\file_io_.6E1911DB_MD.tlog\".
       VcpkgTripletSelection:
         Using triplet "x64-windows" from "D:\GitHub\vcpkg\installed\x64-windows\"
         Using normalized configuration "Debug"
       ClCompile:
         D:\VisualStudio\2022\Community\VC\Tools\MSVC\14.42.34433\bin\HostX64\x64\CL.exe /c /ID:\MODO\sdk\LXSDK_17_251515\include\ /I"D:\GitHub\vcpkg\installed\x64-windows\include" /ZI /JMC /nologo /W3 /WX- /diagnostics:column /Od /Oi /D _DEBUG /D _CONSOLE /D _WINDLL /D _UNICODE /D UNICODE /Gm- /EHsc /RTC1 /MDd /GS /fp:precise /Zc:wchar_t /Zc:forScope /Zc:inline /std:c++latest /permissive- /Fo"D:\MODO\sdk\LXSDK_17_251515\build\Debug\file_io_image_basicload\\" /Fd"D:\MODO\sdk\LXSDK_17_251515\build\Debug\file_io_image_basicload\vc143.pdb" /external:W3 /Gd /TP /FC /errorReport:prompt D:\MODO\sdk\LXSDK_17_251515\samples\file_io\image_basicload\cc_loader_basic.cpp
         cc_loader_basic.cpp
       Link:
         D:\VisualStudio\2022\Community\VC\Tools\MSVC\14.42.34433\bin\HostX64\x64\link.exe /ERRORREPORT:PROMPT /OUT:"D:\MODO\sdk\LXSDK_17_251515\build\Debug\file_io_image_basicload\file_io_image_basicload.lx" /INCREMENTAL /ILK:"D:\MODO\sdk\LXSDK_17_251515\build\Debug\file_io_image_basicload\file_io_image_basicload.ilk" /NOLOGO /LIBPATH:D:\MODO\sdk\LXSDK_17_251515\build\Debug\Lib\ /LIBPATH:"D:\GitHub\vcpkg\installed\x64-windows\debug\lib" /LIBPATH:"D:\GitHub\vcpkg\installed\x64-windows\debug\lib\manual-link" lxsdk.lib "D:\GitHub\vcpkg\installed\x64-windows\debug\lib\*.lib" /MANIFEST /MANIFESTUAC:"level='asInvoker' uiAccess='false'" /manifest:embed /DEBUG /PDB:"D:\MODO\sdk\LXSDK_17_251515\build\Debug\file_io_image_basicload\file_io_image_basicload.pdb" /SUBSYSTEM:CONSOLE /TLBID:1 /DYNAMICBASE /NXCOMPAT /IMPLIB:"D:\MODO\sdk\LXSDK_17_251515\build\Debug\file_io_image_basicload\file_io_image_basicload.lib" /MACHINE:X64 /DLL D:\MODO\sdk\LXSDK_17_251515\build\Debug\file_io_image_basicload\cc_loader_basic.obj
            Creating library D:\MODO\sdk\LXSDK_17_251515\build\Debug\file_io_image_basicload\file_io_image_basicload.lib and object D:\MODO\sdk\LXSDK_17_251515\build\Debug\file_io_image_basicload\file_io_image_basicload.exp
         file_io_image_basicload.vcxproj -> D:\MODO\sdk\LXSDK_17_251515\build\Debug\file_io_image_basicload\file_io_image_basicload.lx
       AppLocalFromInstalled:
         pwsh.exe -ExecutionPolicy Bypass -noprofile -File "D:\GitHub\vcpkg\scripts\buildsystems\msbuild\applocal.ps1" "D:\MODO\sdk\LXSDK_17_251515\build\Debug\file_io_image_basicload\file_io_image_basicload.lx" "D:\GitHub\vcpkg\installed\x64-windows\debug\bin" "D:\MODO\sdk\LXSDK_17_251515\build\Debug\file_io_image_basicload\file_io_.6E1911DB.tlog\file_io_image_basicload.write.1u.tlog" "D:\MODO\sdk\LXSDK_17_251515\build\Debug\file_io_image_basicload\vcpkg.applocal.log"
         'pwsh.exe' is not recognized as an internal or external command,
         operable program or batch file.
         The command "pwsh.exe -ExecutionPolicy Bypass -noprofile -File "D:\GitHub\vcpkg\scripts\buildsystems\msbuild\applocal.ps1" "D:\MODO\sdk\LXSDK_17_251515\build\Debug\file_io_image_basicload\file_io_image_basicload.lx" "D:\GitHub\vcpkg\installed\x64-windows\debug\bin" "D:\MODO\sdk\LXSDK_17_251515\build\Debug\file_io_image_basicload\file_io_.6E1911DB.tlog\file_io_image_basicload.write.1u.tlog" "D:\MODO\sdk\LXSDK_17_251515\build\Debug\file_io_image_basicload\vcpkg.applocal.log"" exited with code 9009.
         "C:\WINDOWS\System32\WindowsPowerShell\v1.0\powershell.exe" -ExecutionPolicy Bypass -noprofile -File "D:\GitHub\vcpkg\scripts\buildsystems\msbuild\applocal.ps1" "D:\MODO\sdk\LXSDK_17_251515\build\Debug\file_io_image_basicload\file_io_image_basicload.lx" "D:\GitHub\vcpkg\installed\x64-windows\debug\bin" "D:\MODO\sdk\LXSDK_17_251515\build\Debug\file_io_image_basicload\file_io_.6E1911DB.tlog\file_io_image_basicload.write.1u.tlog" "D:\MODO\sdk\LXSDK_17_251515\build\Debug\file_io_image_basicload\vcpkg.applocal.log"
       PostBuildEvent:
         xcopy "D:\MODO\sdk\LXSDK_17_251515\build\Debug\file_io_image_basicload\file_io_image_basicload.lx" "D:\MODO\sdk\LXSDK_17_251515\build\Debug\lx\" /F /Y
         :VCEnd
         D:\MODO\sdk\LXSDK_17_251515\build\Debug\file_io_image_basicload\file_io_image_basicload.lx -> D:\MODO\sdk\LXSDK_17_251515\build\Debug\lx\file_io_image_basicload.lx
         1 File(s) copied
       FinalizeBuildStatus:
         Deleting file "D:\MODO\sdk\LXSDK_17_251515\build\Debug\file_io_image_basicload\file_io_.6E1911DB.tlog\unsuccessfulbuild".
         Touching "D:\MODO\sdk\LXSDK_17_251515\build\Debug\file_io_image_basicload\file_io_.6E1911DB.tlog\file_io_image_basicload.lastbuildstate".
     1>Done Building Project "D:\MODO\sdk\LXSDK_17_251515\file_io_image_basicload.vcxproj" (Build target(s)).

Build succeeded.
    0 Warning(s)
    0 Error(s)

Time Elapsed 00:00:01.27
