Build started 30/11/2024 5:30:48 pm.
Logging verbosity is set to: Normal.     1>Project "D:\GitHub\LxDev\17_251515\lxsdk.vcxproj" on node 2 (Build target(s)).
     1>PrepareForBuild:
         Structured output is enabled. The formatting of compiler diagnostics will reflect the error hierarchy. See https://aka.ms/cpp/structured-output for more details.
       InitializeBuildStatus:
         Touching "D:\MODO\sdk\LXSDK_17_251515\build\Debug\lxsdk\lxsdk.tlog\unsuccessfulbuild".
       ComputeStdModulesCompileInputs:
         Reading library manifest file 'D:\VisualStudio\2022\Community\VC\Tools\MSVC\14.42.34433\modules\modules.json' which provides data for library 'microsoft/STL'.
         Adding module source 'D:\VisualStudio\2022\Community\VC\Tools\MSVC\14.42.34433\modules\std.ixx' from library 'microsoft/STL' to be built with this project.
         Adding module source 'D:\VisualStudio\2022\Community\VC\Tools\MSVC\14.42.34433\modules\std.compat.ixx' from library 'microsoft/STL' to be built with this project.
       VcpkgTripletSelection:
         Using triplet "x64-windows" from "D:\GitHub\vcpkg\installed\x64-windows\"
         Using normalized configuration "Debug"
       ClCompile:
         D:\VisualStudio\2022\Community\VC\Tools\MSVC\14.42.34433\bin\HostX64\x64\CL.exe /c /ID:\MODO\sdk\LXSDK_17_251515\include /I"D:\GitHub\vcpkg\installed\x64-windows\include" /ZI /JMC /nologo /W1 /WX- /diagnostics:column /Od /D WIN32 /D _DEBUG /D _LIB /D _UNICODE /D _UNICODE /D UNICODE /Gm- /EHsc /RTC1 /MDd /GS /fp:precise /Zc:wchar_t /Zc:forScope /Zc:inline /std:c++latest /Fo"D:\MODO\sdk\LXSDK_17_251515\build\Debug\lxsdk\\" /Fd"D:\MODO\sdk\LXSDK_17_251515\build\Debug\lxsdk\lxsdk.pdb" /external:W1 /Gd /TP /FC /errorReport:prompt D:\MODO\sdk\LXSDK_17_251515\common\clean.cpp D:\MODO\sdk\LXSDK_17_251515\common\cwrap.cpp D:\MODO\sdk\LXSDK_17_251515\common\initialize.cpp D:\MODO\sdk\LXSDK_17_251515\common\lxu_attrdesc.cpp D:\MODO\sdk\LXSDK_17_251515\common\lxu_attributes.cpp D:\MODO\sdk\LXSDK_17_251515\common\lxu_chanmod.cpp D:\MODO\sdk\LXSDK_17_251515\common\lxu_command.cpp D:\MODO\sdk\LXSDK_17_251515\common\lxu_deform.cpp D:\MODO\sdk\LXSDK_17_251515\common\lxu_dialog.cpp D:\MODO\sdk\LXSDK_17_251515\common\lxu_drawover.cpp D:\MODO\sdk\LXSDK_17_251515\common\lxu_drop.cpp D:\MODO\sdk\LXSDK_17_251515\common\lxu_format.cpp D:\MODO\sdk\LXSDK_17_251515\common\lxu_geometry.cpp D:\MODO\sdk\LXSDK_17_251515\common\lxu_geometry_triangulation.cpp D:\MODO\sdk\LXSDK_17_251515\common\lxu_io.cpp D:\MODO\sdk\LXSDK_17_251515\common\lxu_log.cpp D:\MODO\sdk\LXSDK_17_251515\common\lxu_math.cpp D:\MODO\sdk\LXSDK_17_251515\common\lxu_matrix.cpp D:\MODO\sdk\LXSDK_17_251515\common\lxu_message.cpp D:\MODO\sdk\LXSDK_17_251515\common\lxu_meta.cpp D:\MODO\sdk\LXSDK_17_251515\common\lxu_modifier.cpp D:\MODO\sdk\LXSDK_17_251515\common\lxu_octree.cpp D:\MODO\sdk\LXSDK_17_251515\common\lxu_package.cpp D:\MODO\sdk\LXSDK_17_251515\common\lxu_parser.cpp D:\MODO\sdk\LXSDK_17_251515\common\lxu_prefvalue.cpp D:\MODO\sdk\LXSDK_17_251515\common\lxu_quaternion.cpp D:\MODO\sdk\LXSDK_17_251515\common\lxu_queries.cpp D:\MODO\sdk\LXSDK_17_251515\common\lxu_rendercontext.cpp D:\MODO\sdk\LXSDK_17_251515\common\lxu_scene.cpp D:\MODO\sdk\LXSDK_17_251515\common\lxu_schematic.cpp D:\MODO\sdk\LXSDK_17_251515\common\lxu_select.cpp D:\MODO\sdk\LXSDK_17_251515\common\lxu_shade.cpp D:\MODO\sdk\LXSDK_17_251515\common\lxu_simd.cpp D:\MODO\sdk\LXSDK_17_251515\common\lxu_surface.cpp D:\MODO\sdk\LXSDK_17_251515\common\lxu_tableau.cpp D:\MODO\sdk\LXSDK_17_251515\common\lxu_value.cpp D:\MODO\sdk\LXSDK_17_251515\common\lxu_vector.cpp D:\MODO\sdk\LXSDK_17_251515\common\lxu_vectorarray.cpp D:\MODO\sdk\LXSDK_17_251515\common\util.cpp
         clean.cpp
         cwrap.cpp
         initialize.cpp
         lxu_attrdesc.cpp
         lxu_attributes.cpp
         lxu_chanmod.cpp
         lxu_command.cpp
         lxu_deform.cpp
         lxu_dialog.cpp
         lxu_drawover.cpp
         lxu_drop.cpp
         lxu_format.cpp
         lxu_geometry.cpp
         lxu_geometry_triangulation.cpp
         lxu_io.cpp
         lxu_log.cpp
         lxu_math.cpp
         lxu_matrix.cpp
         lxu_message.cpp
         lxu_meta.cpp
         Generating Code...
         Compiling...
         lxu_modifier.cpp
         lxu_octree.cpp
         lxu_package.cpp
         lxu_parser.cpp
         lxu_prefvalue.cpp
         lxu_quaternion.cpp
         lxu_queries.cpp
         lxu_rendercontext.cpp
         lxu_scene.cpp
         lxu_schematic.cpp
         lxu_select.cpp
         lxu_shade.cpp
         lxu_simd.cpp
         lxu_surface.cpp
         lxu_tableau.cpp
         lxu_value.cpp
         lxu_vector.cpp
         lxu_vectorarray.cpp
         util.cpp
         Generating Code...
       Lib:
         D:\VisualStudio\2022\Community\VC\Tools\MSVC\14.42.34433\bin\HostX64\x64\Lib.exe /OUT:"D:\MODO\sdk\LXSDK_17_251515\build\Debug\lxsdk\lxsdk.lib" /LIBPATH:"D:\GitHub\vcpkg\installed\x64-windows\debug\lib" /LIBPATH:"D:\GitHub\vcpkg\installed\x64-windows\debug\lib\manual-link" /NOLOGO /MACHINE:X64 D:\MODO\sdk\LXSDK_17_251515\build\Debug\lxsdk\clean.obj
         D:\MODO\sdk\LXSDK_17_251515\build\Debug\lxsdk\cwrap.obj
         D:\MODO\sdk\LXSDK_17_251515\build\Debug\lxsdk\initialize.obj
         D:\MODO\sdk\LXSDK_17_251515\build\Debug\lxsdk\lxu_attrdesc.obj
         D:\MODO\sdk\LXSDK_17_251515\build\Debug\lxsdk\lxu_attributes.obj
         D:\MODO\sdk\LXSDK_17_251515\build\Debug\lxsdk\lxu_chanmod.obj
         D:\MODO\sdk\LXSDK_17_251515\build\Debug\lxsdk\lxu_command.obj
         D:\MODO\sdk\LXSDK_17_251515\build\Debug\lxsdk\lxu_deform.obj
         D:\MODO\sdk\LXSDK_17_251515\build\Debug\lxsdk\lxu_dialog.obj
         D:\MODO\sdk\LXSDK_17_251515\build\Debug\lxsdk\lxu_drawover.obj
         D:\MODO\sdk\LXSDK_17_251515\build\Debug\lxsdk\lxu_drop.obj
         D:\MODO\sdk\LXSDK_17_251515\build\Debug\lxsdk\lxu_format.obj
         D:\MODO\sdk\LXSDK_17_251515\build\Debug\lxsdk\lxu_geometry.obj
         D:\MODO\sdk\LXSDK_17_251515\build\Debug\lxsdk\lxu_geometry_triangulation.obj
         D:\MODO\sdk\LXSDK_17_251515\build\Debug\lxsdk\lxu_io.obj
         D:\MODO\sdk\LXSDK_17_251515\build\Debug\lxsdk\lxu_log.obj
         D:\MODO\sdk\LXSDK_17_251515\build\Debug\lxsdk\lxu_math.obj
         D:\MODO\sdk\LXSDK_17_251515\build\Debug\lxsdk\lxu_matrix.obj
         D:\MODO\sdk\LXSDK_17_251515\build\Debug\lxsdk\lxu_message.obj
         D:\MODO\sdk\LXSDK_17_251515\build\Debug\lxsdk\lxu_meta.obj
         D:\MODO\sdk\LXSDK_17_251515\build\Debug\lxsdk\lxu_modifier.obj
         D:\MODO\sdk\LXSDK_17_251515\build\Debug\lxsdk\lxu_octree.obj
         D:\MODO\sdk\LXSDK_17_251515\build\Debug\lxsdk\lxu_package.obj
         D:\MODO\sdk\LXSDK_17_251515\build\Debug\lxsdk\lxu_parser.obj
         D:\MODO\sdk\LXSDK_17_251515\build\Debug\lxsdk\lxu_prefvalue.obj
         D:\MODO\sdk\LXSDK_17_251515\build\Debug\lxsdk\lxu_quaternion.obj
         D:\MODO\sdk\LXSDK_17_251515\build\Debug\lxsdk\lxu_queries.obj
         D:\MODO\sdk\LXSDK_17_251515\build\Debug\lxsdk\lxu_rendercontext.obj
         D:\MODO\sdk\LXSDK_17_251515\build\Debug\lxsdk\lxu_scene.obj
         D:\MODO\sdk\LXSDK_17_251515\build\Debug\lxsdk\lxu_schematic.obj
         D:\MODO\sdk\LXSDK_17_251515\build\Debug\lxsdk\lxu_select.obj
         D:\MODO\sdk\LXSDK_17_251515\build\Debug\lxsdk\lxu_shade.obj
         D:\MODO\sdk\LXSDK_17_251515\build\Debug\lxsdk\lxu_simd.obj
         D:\MODO\sdk\LXSDK_17_251515\build\Debug\lxsdk\lxu_surface.obj
         D:\MODO\sdk\LXSDK_17_251515\build\Debug\lxsdk\lxu_tableau.obj
         D:\MODO\sdk\LXSDK_17_251515\build\Debug\lxsdk\lxu_value.obj
         D:\MODO\sdk\LXSDK_17_251515\build\Debug\lxsdk\lxu_vector.obj
         D:\MODO\sdk\LXSDK_17_251515\build\Debug\lxsdk\lxu_vectorarray.obj
         D:\MODO\sdk\LXSDK_17_251515\build\Debug\lxsdk\util.obj
         lxsdk.vcxproj -> D:\MODO\sdk\LXSDK_17_251515\build\Debug\lxsdk\lxsdk.lib
       PostBuildEvent:
         xcopy "D:\MODO\sdk\LXSDK_17_251515\build\Debug\lxsdk\lxsdk.lib" "D:\MODO\sdk\LXSDK_17_251515\build\Debug\Lib\" /F /Y
         :VCEnd
         D:\MODO\sdk\LXSDK_17_251515\build\Debug\lxsdk\lxsdk.lib -> D:\MODO\sdk\LXSDK_17_251515\build\Debug\Lib\lxsdk.lib
         1 File(s) copied
       FinalizeBuildStatus:
         Deleting file "D:\MODO\sdk\LXSDK_17_251515\build\Debug\lxsdk\lxsdk.tlog\unsuccessfulbuild".
         Touching "D:\MODO\sdk\LXSDK_17_251515\build\Debug\lxsdk\lxsdk.tlog\lxsdk.lastbuildstate".
     1>Done Building Project "D:\GitHub\LxDev\17_251515\lxsdk.vcxproj" (Build target(s)).

Build succeeded.
    0 Warning(s)
    0 Error(s)

Time Elapsed 00:00:26.41
